ARM GAS  C:\Users\zygim\AppData\Local\Temp\ccrvw3rC.s 			page 1


   1              		.cpu cortex-m3
   2              		.eabi_attribute 20, 1
   3              		.eabi_attribute 21, 1
   4              		.eabi_attribute 23, 3
   5              		.eabi_attribute 24, 1
   6              		.eabi_attribute 25, 1
   7              		.eabi_attribute 26, 1
   8              		.eabi_attribute 30, 1
   9              		.eabi_attribute 34, 1
  10              		.eabi_attribute 18, 4
  11              		.file	"gpio_app.c"
  12              		.text
  13              	.Ltext0:
  14              		.cfi_sections	.debug_frame
  15              		.global	__aeabi_fcmplt
  16              		.global	__aeabi_fdiv
  17              		.global	__aeabi_fmul
  18              		.global	__aeabi_fcmpeq
  19              		.global	__aeabi_f2uiz
  20              		.section	.text.Blink_Led,"ax",%progbits
  21              		.align	1
  22              		.global	Blink_Led
  23              		.arch armv7-m
  24              		.syntax unified
  25              		.thumb
  26              		.thumb_func
  27              		.fpu softvfp
  29              	Blink_Led:
  30              	.LVL0:
  31              	.LFB68:
  32              		.file 1 "Src/gpio_app.c"
   1:Src/gpio_app.c **** /* -----INCLUDES----- */
   2:Src/gpio_app.c **** #include "core_init.h"
   3:Src/gpio_app.c **** #include "gpio_app.h"
   4:Src/gpio_app.c **** #include "math.h"
   5:Src/gpio_app.c **** /* -----DEFINES----- */
   6:Src/gpio_app.c **** 
   7:Src/gpio_app.c **** /* -----STRUCTS | ENUMS | UNIONS----- */
   8:Src/gpio_app.c **** 
   9:Src/gpio_app.c **** /* -----LOCAL VARIABLES----- */
  10:Src/gpio_app.c **** 
  11:Src/gpio_app.c **** /* -----FUNCTIONS----- */
  12:Src/gpio_app.c **** void Blink_Led(eLeds_t which_led, float frequency) {
  33              		.loc 1 12 52 view -0
  34              		.cfi_startproc
  35              		@ args = 0, pretend = 0, frame = 0
  36              		@ frame_needed = 0, uses_anonymous_args = 0
  37              		.loc 1 12 52 is_stmt 0 view .LVU1
  38 0000 70B5     		push	{r4, r5, r6, lr}
  39              	.LCFI0:
  40              		.cfi_def_cfa_offset 16
  41              		.cfi_offset 4, -16
  42              		.cfi_offset 5, -12
  43              		.cfi_offset 6, -8
  44              		.cfi_offset 14, -4
  45 0002 0546     		mov	r5, r0
  46 0004 0C46     		mov	r4, r1
ARM GAS  C:\Users\zygim\AppData\Local\Temp\ccrvw3rC.s 			page 2


  13:Src/gpio_app.c ****     float period_ms = 0;
  47              		.loc 1 13 5 is_stmt 1 view .LVU2
  48              	.LVL1:
  14:Src/gpio_app.c **** 
  15:Src/gpio_app.c ****     if (frequency < 0) {
  49              		.loc 1 15 5 view .LVU3
  50              		.loc 1 15 8 is_stmt 0 view .LVU4
  51 0006 0021     		movs	r1, #0
  52              	.LVL2:
  53              		.loc 1 15 8 view .LVU5
  54 0008 2046     		mov	r0, r4
  55              	.LVL3:
  56              		.loc 1 15 8 view .LVU6
  57 000a FFF7FEFF 		bl	__aeabi_fcmplt
  58              	.LVL4:
  59 000e A8B9     		cbnz	r0, .L11
  60              	.LVL5:
  61              	.L2:
  16:Src/gpio_app.c ****         frequency = 0;
  17:Src/gpio_app.c ****     }
  18:Src/gpio_app.c **** 
  19:Src/gpio_app.c ****     period_ms = (1/(float)frequency)*1000;
  62              		.loc 1 19 5 is_stmt 1 view .LVU7
  63              		.loc 1 19 19 is_stmt 0 view .LVU8
  64 0010 2146     		mov	r1, r4
  65 0012 4FF07E50 		mov	r0, #1065353216
  66 0016 FFF7FEFF 		bl	__aeabi_fdiv
  67              	.LVL6:
  68              		.loc 1 19 15 view .LVU9
  69 001a 1349     		ldr	r1, .L14
  70 001c FFF7FEFF 		bl	__aeabi_fmul
  71              	.LVL7:
  72 0020 0646     		mov	r6, r0
  73              	.LVL8:
  20:Src/gpio_app.c ****     if ((which_led == eDEBUG_LED) && (frequency != 0)) {
  74              		.loc 1 20 5 is_stmt 1 view .LVU10
  75              		.loc 1 20 8 is_stmt 0 view .LVU11
  76 0022 25B9     		cbnz	r5, .L3
  77              		.loc 1 20 35 discriminator 1 view .LVU12
  78 0024 0021     		movs	r1, #0
  79 0026 2046     		mov	r0, r4
  80              	.LVL9:
  81              		.loc 1 20 35 discriminator 1 view .LVU13
  82 0028 FFF7FEFF 		bl	__aeabi_fcmpeq
  83              	.LVL10:
  84 002c 40B1     		cbz	r0, .L12
  85              	.L3:
  21:Src/gpio_app.c ****         HAL_GPIO_TogglePin(GPIOC, GPIO_PIN_13);
  22:Src/gpio_app.c ****         HAL_Delay(period_ms);
  23:Src/gpio_app.c ****     /* If frequency is set to zero, just toggle LED */
  24:Src/gpio_app.c ****     } else if ((which_led == eDEBUG_LED) && (frequency == 0)){
  86              		.loc 1 24 12 is_stmt 1 view .LVU14
  87              		.loc 1 24 15 is_stmt 0 view .LVU15
  88 002e 25B9     		cbnz	r5, .L1
  89              		.loc 1 24 42 discriminator 1 view .LVU16
  90 0030 0021     		movs	r1, #0
  91 0032 2046     		mov	r0, r4
ARM GAS  C:\Users\zygim\AppData\Local\Temp\ccrvw3rC.s 			page 3


  92 0034 FFF7FEFF 		bl	__aeabi_fcmpeq
  93              	.LVL11:
  94 0038 80B9     		cbnz	r0, .L13
  95              	.L1:
  25:Src/gpio_app.c ****         HAL_GPIO_TogglePin(GPIOC, GPIO_PIN_13);
  26:Src/gpio_app.c ****     }
  27:Src/gpio_app.c **** 
  28:Src/gpio_app.c **** }...
  96              		.loc 1 28 1 view .LVU17
  97 003a 70BD     		pop	{r4, r5, r6, pc}
  98              	.LVL12:
  99              	.L11:
  16:Src/gpio_app.c ****         frequency = 0;
 100              		.loc 1 16 19 view .LVU18
 101 003c 0024     		movs	r4, #0
 102              	.LVL13:
  16:Src/gpio_app.c ****         frequency = 0;
 103              		.loc 1 16 19 view .LVU19
 104 003e E7E7     		b	.L2
 105              	.LVL14:
 106              	.L12:
  21:Src/gpio_app.c ****         HAL_GPIO_TogglePin(GPIOC, GPIO_PIN_13);
 107              		.loc 1 21 9 is_stmt 1 view .LVU20
 108 0040 4FF40051 		mov	r1, #8192
 109 0044 00F18040 		add	r0, r0, #1073741824
 110 0048 00F58830 		add	r0, r0, #69632
 111 004c FFF7FEFF 		bl	HAL_GPIO_TogglePin
 112              	.LVL15:
  22:Src/gpio_app.c ****         HAL_Delay(period_ms);
 113              		.loc 1 22 9 view .LVU21
 114 0050 3046     		mov	r0, r6
 115 0052 FFF7FEFF 		bl	__aeabi_f2uiz
 116              	.LVL16:
 117 0056 FFF7FEFF 		bl	HAL_Delay
 118              	.LVL17:
 119 005a EEE7     		b	.L1
 120              	.L13:
  25:Src/gpio_app.c ****         HAL_GPIO_TogglePin(GPIOC, GPIO_PIN_13);
 121              		.loc 1 25 9 view .LVU22
 122 005c 4FF40051 		mov	r1, #8192
 123 0060 0248     		ldr	r0, .L14+4
 124 0062 FFF7FEFF 		bl	HAL_GPIO_TogglePin
 125              	.LVL18:
 126              		.loc 1 28 1 is_stmt 0 view .LVU23
 127 0066 E8E7     		b	.L1
 128              	.L15:
 129              		.align	2
 130              	.L14:
 131 0068 00007A44 		.word	1148846080
 132 006c 00100140 		.word	1073811456
 133              		.cfi_endproc
 134              	.LFE68:
 136              		.text
 137              	.Letext0:
 138              		.file 2 "c:\\dev\\tools\\gcc-arm-none-eabi-10-2020-q4-major\\arm-none-eabi\\include\\machine\\_def
 139              		.file 3 "c:\\dev\\tools\\gcc-arm-none-eabi-10-2020-q4-major\\arm-none-eabi\\include\\sys\\_stdint.
 140              		.file 4 "Inc/gpio_app.h"
ARM GAS  C:\Users\zygim\AppData\Local\Temp\ccrvw3rC.s 			page 4


 141              		.file 5 "Drivers/CMSIS/Device/ST/STM32F1xx/Include/stm32f103xb.h"
 142              		.file 6 "Drivers/STM32F1xx_HAL_Driver/Inc/stm32f1xx_hal_gpio.h"
 143              		.file 7 "Drivers/STM32F1xx_HAL_Driver/Inc/stm32f1xx_hal.h"
ARM GAS  C:\Users\zygim\AppData\Local\Temp\ccrvw3rC.s 			page 5


DEFINED SYMBOLS
                            *ABS*:00000000 gpio_app.c
C:\Users\zygim\AppData\Local\Temp\ccrvw3rC.s:21     .text.Blink_Led:00000000 $t
C:\Users\zygim\AppData\Local\Temp\ccrvw3rC.s:29     .text.Blink_Led:00000000 Blink_Led
C:\Users\zygim\AppData\Local\Temp\ccrvw3rC.s:131    .text.Blink_Led:00000068 $d

UNDEFINED SYMBOLS
__aeabi_fcmplt
__aeabi_fdiv
__aeabi_fmul
__aeabi_fcmpeq
__aeabi_f2uiz
HAL_GPIO_TogglePin
HAL_Delay
