ARM GAS  C:\Users\zygim\AppData\Local\Temp\ccgn0Ejc.s 			page 1


   1              		.cpu cortex-m3
   2              		.eabi_attribute 20, 1
   3              		.eabi_attribute 21, 1
   4              		.eabi_attribute 23, 3
   5              		.eabi_attribute 24, 1
   6              		.eabi_attribute 25, 1
   7              		.eabi_attribute 26, 1
   8              		.eabi_attribute 30, 1
   9              		.eabi_attribute 34, 1
  10              		.eabi_attribute 18, 4
  11              		.file	"stm32f1xx_hal_msp.c"
  12              		.text
  13              	.Ltext0:
  14              		.cfi_sections	.debug_frame
  15              		.section	.text.HAL_MspInit,"ax",%progbits
  16              		.align	1
  17              		.global	HAL_MspInit
  18              		.arch armv7-m
  19              		.syntax unified
  20              		.thumb
  21              		.thumb_func
  22              		.fpu softvfp
  24              	HAL_MspInit:
  25              	.LFB65:
  26              		.file 1 "Src/stm32f1xx_hal_msp.c"
   1:Src/stm32f1xx_hal_msp.c **** /* USER CODE BEGIN Header */
   2:Src/stm32f1xx_hal_msp.c **** /**
   3:Src/stm32f1xx_hal_msp.c ****   ******************************************************************************
   4:Src/stm32f1xx_hal_msp.c ****   * @file         stm32f1xx_hal_msp.c
   5:Src/stm32f1xx_hal_msp.c ****   * @brief        This file provides code for the MSP Initialization
   6:Src/stm32f1xx_hal_msp.c ****   *               and de-Initialization codes.
   7:Src/stm32f1xx_hal_msp.c ****   ******************************************************************************
   8:Src/stm32f1xx_hal_msp.c ****   * @attention
   9:Src/stm32f1xx_hal_msp.c ****   *
  10:Src/stm32f1xx_hal_msp.c ****   * <h2><center>&copy; Copyright (c) 2021 STMicroelectronics.
  11:Src/stm32f1xx_hal_msp.c ****   * All rights reserved.</center></h2>
  12:Src/stm32f1xx_hal_msp.c ****   *
  13:Src/stm32f1xx_hal_msp.c ****   * This software component is licensed by ST under BSD 3-Clause license,
  14:Src/stm32f1xx_hal_msp.c ****   * the "License"; You may not use this file except in compliance with the
  15:Src/stm32f1xx_hal_msp.c ****   * License. You may obtain a copy of the License at:
  16:Src/stm32f1xx_hal_msp.c ****   *                        opensource.org/licenses/BSD-3-Clause
  17:Src/stm32f1xx_hal_msp.c ****   *
  18:Src/stm32f1xx_hal_msp.c ****   ******************************************************************************
  19:Src/stm32f1xx_hal_msp.c ****   */
  20:Src/stm32f1xx_hal_msp.c **** /* USER CODE END Header */
  21:Src/stm32f1xx_hal_msp.c **** 
  22:Src/stm32f1xx_hal_msp.c **** /* Includes ------------------------------------------------------------------*/
  23:Src/stm32f1xx_hal_msp.c **** #include "main.h"
  24:Src/stm32f1xx_hal_msp.c **** /* USER CODE BEGIN Includes */
  25:Src/stm32f1xx_hal_msp.c **** 
  26:Src/stm32f1xx_hal_msp.c **** /* USER CODE END Includes */
  27:Src/stm32f1xx_hal_msp.c **** 
  28:Src/stm32f1xx_hal_msp.c **** /* Private typedef -----------------------------------------------------------*/
  29:Src/stm32f1xx_hal_msp.c **** /* USER CODE BEGIN TD */
  30:Src/stm32f1xx_hal_msp.c **** 
  31:Src/stm32f1xx_hal_msp.c **** /* USER CODE END TD */
  32:Src/stm32f1xx_hal_msp.c **** 
ARM GAS  C:\Users\zygim\AppData\Local\Temp\ccgn0Ejc.s 			page 2


  33:Src/stm32f1xx_hal_msp.c **** /* Private define ------------------------------------------------------------*/
  34:Src/stm32f1xx_hal_msp.c **** /* USER CODE BEGIN Define */
  35:Src/stm32f1xx_hal_msp.c **** 
  36:Src/stm32f1xx_hal_msp.c **** /* USER CODE END Define */
  37:Src/stm32f1xx_hal_msp.c **** 
  38:Src/stm32f1xx_hal_msp.c **** /* Private macro -------------------------------------------------------------*/
  39:Src/stm32f1xx_hal_msp.c **** /* USER CODE BEGIN Macro */
  40:Src/stm32f1xx_hal_msp.c **** 
  41:Src/stm32f1xx_hal_msp.c **** /* USER CODE END Macro */
  42:Src/stm32f1xx_hal_msp.c **** 
  43:Src/stm32f1xx_hal_msp.c **** /* Private variables ---------------------------------------------------------*/
  44:Src/stm32f1xx_hal_msp.c **** /* USER CODE BEGIN PV */
  45:Src/stm32f1xx_hal_msp.c **** 
  46:Src/stm32f1xx_hal_msp.c **** /* USER CODE END PV */
  47:Src/stm32f1xx_hal_msp.c **** 
  48:Src/stm32f1xx_hal_msp.c **** /* Private function prototypes -----------------------------------------------*/
  49:Src/stm32f1xx_hal_msp.c **** /* USER CODE BEGIN PFP */
  50:Src/stm32f1xx_hal_msp.c **** 
  51:Src/stm32f1xx_hal_msp.c **** /* USER CODE END PFP */
  52:Src/stm32f1xx_hal_msp.c **** 
  53:Src/stm32f1xx_hal_msp.c **** /* External functions --------------------------------------------------------*/
  54:Src/stm32f1xx_hal_msp.c **** /* USER CODE BEGIN ExternalFunctions */
  55:Src/stm32f1xx_hal_msp.c **** 
  56:Src/stm32f1xx_hal_msp.c **** /* USER CODE END ExternalFunctions */
  57:Src/stm32f1xx_hal_msp.c **** 
  58:Src/stm32f1xx_hal_msp.c **** /* USER CODE BEGIN 0 */
  59:Src/stm32f1xx_hal_msp.c **** 
  60:Src/stm32f1xx_hal_msp.c **** /* USER CODE END 0 */
  61:Src/stm32f1xx_hal_msp.c **** /**
  62:Src/stm32f1xx_hal_msp.c ****   * Initializes the Global MSP.
  63:Src/stm32f1xx_hal_msp.c ****   */
  64:Src/stm32f1xx_hal_msp.c **** void HAL_MspInit(void)
  65:Src/stm32f1xx_hal_msp.c **** {
  27              		.loc 1 65 1 view -0
  28              		.cfi_startproc
  29              		@ args = 0, pretend = 0, frame = 8
  30              		@ frame_needed = 0, uses_anonymous_args = 0
  31              		@ link register save eliminated.
  32 0000 82B0     		sub	sp, sp, #8
  33              	.LCFI0:
  34              		.cfi_def_cfa_offset 8
  66:Src/stm32f1xx_hal_msp.c ****   /* USER CODE BEGIN MspInit 0 */
  67:Src/stm32f1xx_hal_msp.c **** 
  68:Src/stm32f1xx_hal_msp.c ****   /* USER CODE END MspInit 0 */
  69:Src/stm32f1xx_hal_msp.c **** 
  70:Src/stm32f1xx_hal_msp.c ****   __HAL_RCC_AFIO_CLK_ENABLE();
  35              		.loc 1 70 3 view .LVU1
  36              	.LBB2:
  37              		.loc 1 70 3 view .LVU2
  38              		.loc 1 70 3 view .LVU3
  39 0002 0E4B     		ldr	r3, .L3
  40 0004 9A69     		ldr	r2, [r3, #24]
  41 0006 42F00102 		orr	r2, r2, #1
  42 000a 9A61     		str	r2, [r3, #24]
  43              		.loc 1 70 3 view .LVU4
  44 000c 9A69     		ldr	r2, [r3, #24]
  45 000e 02F00102 		and	r2, r2, #1
ARM GAS  C:\Users\zygim\AppData\Local\Temp\ccgn0Ejc.s 			page 3


  46 0012 0092     		str	r2, [sp]
  47              		.loc 1 70 3 view .LVU5
  48 0014 009A     		ldr	r2, [sp]
  49              	.LBE2:
  50              		.loc 1 70 3 view .LVU6
  71:Src/stm32f1xx_hal_msp.c ****   __HAL_RCC_PWR_CLK_ENABLE();
  51              		.loc 1 71 3 view .LVU7
  52              	.LBB3:
  53              		.loc 1 71 3 view .LVU8
  54              		.loc 1 71 3 view .LVU9
  55 0016 DA69     		ldr	r2, [r3, #28]
  56 0018 42F08052 		orr	r2, r2, #268435456
  57 001c DA61     		str	r2, [r3, #28]
  58              		.loc 1 71 3 view .LVU10
  59 001e DB69     		ldr	r3, [r3, #28]
  60 0020 03F08053 		and	r3, r3, #268435456
  61 0024 0193     		str	r3, [sp, #4]
  62              		.loc 1 71 3 view .LVU11
  63 0026 019B     		ldr	r3, [sp, #4]
  64              	.LBE3:
  65              		.loc 1 71 3 view .LVU12
  72:Src/stm32f1xx_hal_msp.c **** 
  73:Src/stm32f1xx_hal_msp.c ****   /* System interrupt init*/
  74:Src/stm32f1xx_hal_msp.c **** 
  75:Src/stm32f1xx_hal_msp.c ****   /** NOJTAG: JTAG-DP Disabled and SW-DP Enabled
  76:Src/stm32f1xx_hal_msp.c ****   */
  77:Src/stm32f1xx_hal_msp.c ****   __HAL_AFIO_REMAP_SWJ_NOJTAG();
  66              		.loc 1 77 3 view .LVU13
  67              	.LBB4:
  68              		.loc 1 77 3 view .LVU14
  69 0028 054A     		ldr	r2, .L3+4
  70 002a 5368     		ldr	r3, [r2, #4]
  71              	.LVL0:
  72              		.loc 1 77 3 view .LVU15
  73 002c 23F0E063 		bic	r3, r3, #117440512
  74              	.LVL1:
  75              		.loc 1 77 3 view .LVU16
  76 0030 43F00073 		orr	r3, r3, #33554432
  77              	.LVL2:
  78              		.loc 1 77 3 view .LVU17
  79 0034 5360     		str	r3, [r2, #4]
  80              	.LBE4:
  81              		.loc 1 77 3 view .LVU18
  78:Src/stm32f1xx_hal_msp.c **** 
  79:Src/stm32f1xx_hal_msp.c ****   /* USER CODE BEGIN MspInit 1 */
  80:Src/stm32f1xx_hal_msp.c **** 
  81:Src/stm32f1xx_hal_msp.c ****   /* USER CODE END MspInit 1 */
  82:Src/stm32f1xx_hal_msp.c **** }
  82              		.loc 1 82 1 is_stmt 0 view .LVU19
  83 0036 02B0     		add	sp, sp, #8
  84              	.LCFI1:
  85              		.cfi_def_cfa_offset 0
  86              		@ sp needed
  87 0038 7047     		bx	lr
  88              	.L4:
  89 003a 00BF     		.align	2
  90              	.L3:
ARM GAS  C:\Users\zygim\AppData\Local\Temp\ccgn0Ejc.s 			page 4


  91 003c 00100240 		.word	1073876992
  92 0040 00000140 		.word	1073807360
  93              		.cfi_endproc
  94              	.LFE65:
  96              		.section	.text.HAL_ADC_MspInit,"ax",%progbits
  97              		.align	1
  98              		.global	HAL_ADC_MspInit
  99              		.syntax unified
 100              		.thumb
 101              		.thumb_func
 102              		.fpu softvfp
 104              	HAL_ADC_MspInit:
 105              	.LVL3:
 106              	.LFB66:
  83:Src/stm32f1xx_hal_msp.c **** 
  84:Src/stm32f1xx_hal_msp.c **** /**
  85:Src/stm32f1xx_hal_msp.c **** * @brief ADC MSP Initialization
  86:Src/stm32f1xx_hal_msp.c **** * This function configures the hardware resources used in this example
  87:Src/stm32f1xx_hal_msp.c **** * @param hadc: ADC handle pointer
  88:Src/stm32f1xx_hal_msp.c **** * @retval None
  89:Src/stm32f1xx_hal_msp.c **** */
  90:Src/stm32f1xx_hal_msp.c **** void HAL_ADC_MspInit(ADC_HandleTypeDef* hadc)
  91:Src/stm32f1xx_hal_msp.c **** {
 107              		.loc 1 91 1 is_stmt 1 view -0
 108              		.cfi_startproc
 109              		@ args = 0, pretend = 0, frame = 24
 110              		@ frame_needed = 0, uses_anonymous_args = 0
 111              		.loc 1 91 1 is_stmt 0 view .LVU21
 112 0000 00B5     		push	{lr}
 113              	.LCFI2:
 114              		.cfi_def_cfa_offset 4
 115              		.cfi_offset 14, -4
 116 0002 87B0     		sub	sp, sp, #28
 117              	.LCFI3:
 118              		.cfi_def_cfa_offset 32
  92:Src/stm32f1xx_hal_msp.c ****   GPIO_InitTypeDef GPIO_InitStruct = {0};
 119              		.loc 1 92 3 is_stmt 1 view .LVU22
 120              		.loc 1 92 20 is_stmt 0 view .LVU23
 121 0004 0023     		movs	r3, #0
 122 0006 0293     		str	r3, [sp, #8]
 123 0008 0393     		str	r3, [sp, #12]
 124 000a 0493     		str	r3, [sp, #16]
 125 000c 0593     		str	r3, [sp, #20]
  93:Src/stm32f1xx_hal_msp.c ****   if(hadc->Instance==ADC1)
 126              		.loc 1 93 3 is_stmt 1 view .LVU24
 127              		.loc 1 93 10 is_stmt 0 view .LVU25
 128 000e 0268     		ldr	r2, [r0]
 129              		.loc 1 93 5 view .LVU26
 130 0010 114B     		ldr	r3, .L9
 131 0012 9A42     		cmp	r2, r3
 132 0014 02D0     		beq	.L8
 133              	.LVL4:
 134              	.L5:
  94:Src/stm32f1xx_hal_msp.c ****   {
  95:Src/stm32f1xx_hal_msp.c ****   /* USER CODE BEGIN ADC1_MspInit 0 */
  96:Src/stm32f1xx_hal_msp.c **** 
  97:Src/stm32f1xx_hal_msp.c ****   /* USER CODE END ADC1_MspInit 0 */
ARM GAS  C:\Users\zygim\AppData\Local\Temp\ccgn0Ejc.s 			page 5


  98:Src/stm32f1xx_hal_msp.c ****     /* Peripheral clock enable */
  99:Src/stm32f1xx_hal_msp.c ****     __HAL_RCC_ADC1_CLK_ENABLE();
 100:Src/stm32f1xx_hal_msp.c **** 
 101:Src/stm32f1xx_hal_msp.c ****     __HAL_RCC_GPIOA_CLK_ENABLE();
 102:Src/stm32f1xx_hal_msp.c ****     /**ADC1 GPIO Configuration
 103:Src/stm32f1xx_hal_msp.c ****     PA0-WKUP     ------> ADC1_IN0
 104:Src/stm32f1xx_hal_msp.c ****     */
 105:Src/stm32f1xx_hal_msp.c ****     GPIO_InitStruct.Pin = GPIO_PIN_0;
 106:Src/stm32f1xx_hal_msp.c ****     GPIO_InitStruct.Mode = GPIO_MODE_ANALOG;
 107:Src/stm32f1xx_hal_msp.c ****     HAL_GPIO_Init(GPIOA, &GPIO_InitStruct);
 108:Src/stm32f1xx_hal_msp.c **** 
 109:Src/stm32f1xx_hal_msp.c ****   /* USER CODE BEGIN ADC1_MspInit 1 */
 110:Src/stm32f1xx_hal_msp.c **** 
 111:Src/stm32f1xx_hal_msp.c ****   /* USER CODE END ADC1_MspInit 1 */
 112:Src/stm32f1xx_hal_msp.c ****   }
 113:Src/stm32f1xx_hal_msp.c **** 
 114:Src/stm32f1xx_hal_msp.c **** }
 135              		.loc 1 114 1 view .LVU27
 136 0016 07B0     		add	sp, sp, #28
 137              	.LCFI4:
 138              		.cfi_remember_state
 139              		.cfi_def_cfa_offset 4
 140              		@ sp needed
 141 0018 5DF804FB 		ldr	pc, [sp], #4
 142              	.LVL5:
 143              	.L8:
 144              	.LCFI5:
 145              		.cfi_restore_state
  99:Src/stm32f1xx_hal_msp.c **** 
 146              		.loc 1 99 5 is_stmt 1 view .LVU28
 147              	.LBB5:
  99:Src/stm32f1xx_hal_msp.c **** 
 148              		.loc 1 99 5 view .LVU29
  99:Src/stm32f1xx_hal_msp.c **** 
 149              		.loc 1 99 5 view .LVU30
 150 001c 03F56C43 		add	r3, r3, #60416
 151 0020 9A69     		ldr	r2, [r3, #24]
 152 0022 42F40072 		orr	r2, r2, #512
 153 0026 9A61     		str	r2, [r3, #24]
  99:Src/stm32f1xx_hal_msp.c **** 
 154              		.loc 1 99 5 view .LVU31
 155 0028 9A69     		ldr	r2, [r3, #24]
 156 002a 02F40072 		and	r2, r2, #512
 157 002e 0092     		str	r2, [sp]
  99:Src/stm32f1xx_hal_msp.c **** 
 158              		.loc 1 99 5 view .LVU32
 159 0030 009A     		ldr	r2, [sp]
 160              	.LBE5:
  99:Src/stm32f1xx_hal_msp.c **** 
 161              		.loc 1 99 5 view .LVU33
 101:Src/stm32f1xx_hal_msp.c ****     /**ADC1 GPIO Configuration
 162              		.loc 1 101 5 view .LVU34
 163              	.LBB6:
 101:Src/stm32f1xx_hal_msp.c ****     /**ADC1 GPIO Configuration
 164              		.loc 1 101 5 view .LVU35
 101:Src/stm32f1xx_hal_msp.c ****     /**ADC1 GPIO Configuration
 165              		.loc 1 101 5 view .LVU36
ARM GAS  C:\Users\zygim\AppData\Local\Temp\ccgn0Ejc.s 			page 6


 166 0032 9A69     		ldr	r2, [r3, #24]
 167 0034 42F00402 		orr	r2, r2, #4
 168 0038 9A61     		str	r2, [r3, #24]
 101:Src/stm32f1xx_hal_msp.c ****     /**ADC1 GPIO Configuration
 169              		.loc 1 101 5 view .LVU37
 170 003a 9B69     		ldr	r3, [r3, #24]
 171 003c 03F00403 		and	r3, r3, #4
 172 0040 0193     		str	r3, [sp, #4]
 101:Src/stm32f1xx_hal_msp.c ****     /**ADC1 GPIO Configuration
 173              		.loc 1 101 5 view .LVU38
 174 0042 019B     		ldr	r3, [sp, #4]
 175              	.LBE6:
 101:Src/stm32f1xx_hal_msp.c ****     /**ADC1 GPIO Configuration
 176              		.loc 1 101 5 view .LVU39
 105:Src/stm32f1xx_hal_msp.c ****     GPIO_InitStruct.Mode = GPIO_MODE_ANALOG;
 177              		.loc 1 105 5 view .LVU40
 105:Src/stm32f1xx_hal_msp.c ****     GPIO_InitStruct.Mode = GPIO_MODE_ANALOG;
 178              		.loc 1 105 25 is_stmt 0 view .LVU41
 179 0044 0123     		movs	r3, #1
 180 0046 0293     		str	r3, [sp, #8]
 106:Src/stm32f1xx_hal_msp.c ****     HAL_GPIO_Init(GPIOA, &GPIO_InitStruct);
 181              		.loc 1 106 5 is_stmt 1 view .LVU42
 106:Src/stm32f1xx_hal_msp.c ****     HAL_GPIO_Init(GPIOA, &GPIO_InitStruct);
 182              		.loc 1 106 26 is_stmt 0 view .LVU43
 183 0048 0323     		movs	r3, #3
 184 004a 0393     		str	r3, [sp, #12]
 107:Src/stm32f1xx_hal_msp.c **** 
 185              		.loc 1 107 5 is_stmt 1 view .LVU44
 186 004c 02A9     		add	r1, sp, #8
 187 004e 0348     		ldr	r0, .L9+4
 188              	.LVL6:
 107:Src/stm32f1xx_hal_msp.c **** 
 189              		.loc 1 107 5 is_stmt 0 view .LVU45
 190 0050 FFF7FEFF 		bl	HAL_GPIO_Init
 191              	.LVL7:
 192              		.loc 1 114 1 view .LVU46
 193 0054 DFE7     		b	.L5
 194              	.L10:
 195 0056 00BF     		.align	2
 196              	.L9:
 197 0058 00240140 		.word	1073816576
 198 005c 00080140 		.word	1073809408
 199              		.cfi_endproc
 200              	.LFE66:
 202              		.section	.text.HAL_ADC_MspDeInit,"ax",%progbits
 203              		.align	1
 204              		.global	HAL_ADC_MspDeInit
 205              		.syntax unified
 206              		.thumb
 207              		.thumb_func
 208              		.fpu softvfp
 210              	HAL_ADC_MspDeInit:
 211              	.LVL8:
 212              	.LFB67:
 115:Src/stm32f1xx_hal_msp.c **** 
 116:Src/stm32f1xx_hal_msp.c **** /**
 117:Src/stm32f1xx_hal_msp.c **** * @brief ADC MSP De-Initialization
ARM GAS  C:\Users\zygim\AppData\Local\Temp\ccgn0Ejc.s 			page 7


 118:Src/stm32f1xx_hal_msp.c **** * This function freeze the hardware resources used in this example
 119:Src/stm32f1xx_hal_msp.c **** * @param hadc: ADC handle pointer
 120:Src/stm32f1xx_hal_msp.c **** * @retval None
 121:Src/stm32f1xx_hal_msp.c **** */
 122:Src/stm32f1xx_hal_msp.c **** void HAL_ADC_MspDeInit(ADC_HandleTypeDef* hadc)
 123:Src/stm32f1xx_hal_msp.c **** {
 213              		.loc 1 123 1 is_stmt 1 view -0
 214              		.cfi_startproc
 215              		@ args = 0, pretend = 0, frame = 0
 216              		@ frame_needed = 0, uses_anonymous_args = 0
 217              		.loc 1 123 1 is_stmt 0 view .LVU48
 218 0000 08B5     		push	{r3, lr}
 219              	.LCFI6:
 220              		.cfi_def_cfa_offset 8
 221              		.cfi_offset 3, -8
 222              		.cfi_offset 14, -4
 124:Src/stm32f1xx_hal_msp.c ****   if(hadc->Instance==ADC1)
 223              		.loc 1 124 3 is_stmt 1 view .LVU49
 224              		.loc 1 124 10 is_stmt 0 view .LVU50
 225 0002 0268     		ldr	r2, [r0]
 226              		.loc 1 124 5 view .LVU51
 227 0004 064B     		ldr	r3, .L15
 228 0006 9A42     		cmp	r2, r3
 229 0008 00D0     		beq	.L14
 230              	.LVL9:
 231              	.L11:
 125:Src/stm32f1xx_hal_msp.c ****   {
 126:Src/stm32f1xx_hal_msp.c ****   /* USER CODE BEGIN ADC1_MspDeInit 0 */
 127:Src/stm32f1xx_hal_msp.c **** 
 128:Src/stm32f1xx_hal_msp.c ****   /* USER CODE END ADC1_MspDeInit 0 */
 129:Src/stm32f1xx_hal_msp.c ****     /* Peripheral clock disable */
 130:Src/stm32f1xx_hal_msp.c ****     __HAL_RCC_ADC1_CLK_DISABLE();
 131:Src/stm32f1xx_hal_msp.c **** 
 132:Src/stm32f1xx_hal_msp.c ****     /**ADC1 GPIO Configuration
 133:Src/stm32f1xx_hal_msp.c ****     PA0-WKUP     ------> ADC1_IN0
 134:Src/stm32f1xx_hal_msp.c ****     */
 135:Src/stm32f1xx_hal_msp.c ****     HAL_GPIO_DeInit(GPIOA, GPIO_PIN_0);
 136:Src/stm32f1xx_hal_msp.c **** 
 137:Src/stm32f1xx_hal_msp.c ****   /* USER CODE BEGIN ADC1_MspDeInit 1 */
 138:Src/stm32f1xx_hal_msp.c **** 
 139:Src/stm32f1xx_hal_msp.c ****   /* USER CODE END ADC1_MspDeInit 1 */
 140:Src/stm32f1xx_hal_msp.c ****   }
 141:Src/stm32f1xx_hal_msp.c **** 
 142:Src/stm32f1xx_hal_msp.c **** }
 232              		.loc 1 142 1 view .LVU52
 233 000a 08BD     		pop	{r3, pc}
 234              	.LVL10:
 235              	.L14:
 130:Src/stm32f1xx_hal_msp.c **** 
 236              		.loc 1 130 5 is_stmt 1 view .LVU53
 237 000c 054A     		ldr	r2, .L15+4
 238 000e 9369     		ldr	r3, [r2, #24]
 239 0010 23F40073 		bic	r3, r3, #512
 240 0014 9361     		str	r3, [r2, #24]
 135:Src/stm32f1xx_hal_msp.c **** 
 241              		.loc 1 135 5 view .LVU54
 242 0016 0121     		movs	r1, #1
ARM GAS  C:\Users\zygim\AppData\Local\Temp\ccgn0Ejc.s 			page 8


 243 0018 0348     		ldr	r0, .L15+8
 244              	.LVL11:
 135:Src/stm32f1xx_hal_msp.c **** 
 245              		.loc 1 135 5 is_stmt 0 view .LVU55
 246 001a FFF7FEFF 		bl	HAL_GPIO_DeInit
 247              	.LVL12:
 248              		.loc 1 142 1 view .LVU56
 249 001e F4E7     		b	.L11
 250              	.L16:
 251              		.align	2
 252              	.L15:
 253 0020 00240140 		.word	1073816576
 254 0024 00100240 		.word	1073876992
 255 0028 00080140 		.word	1073809408
 256              		.cfi_endproc
 257              	.LFE67:
 259              		.section	.text.HAL_SPI_MspInit,"ax",%progbits
 260              		.align	1
 261              		.global	HAL_SPI_MspInit
 262              		.syntax unified
 263              		.thumb
 264              		.thumb_func
 265              		.fpu softvfp
 267              	HAL_SPI_MspInit:
 268              	.LVL13:
 269              	.LFB68:
 143:Src/stm32f1xx_hal_msp.c **** 
 144:Src/stm32f1xx_hal_msp.c **** /**
 145:Src/stm32f1xx_hal_msp.c **** * @brief SPI MSP Initialization
 146:Src/stm32f1xx_hal_msp.c **** * This function configures the hardware resources used in this example
 147:Src/stm32f1xx_hal_msp.c **** * @param hspi: SPI handle pointer
 148:Src/stm32f1xx_hal_msp.c **** * @retval None
 149:Src/stm32f1xx_hal_msp.c **** */
 150:Src/stm32f1xx_hal_msp.c **** void HAL_SPI_MspInit(SPI_HandleTypeDef* hspi)
 151:Src/stm32f1xx_hal_msp.c **** {
 270              		.loc 1 151 1 is_stmt 1 view -0
 271              		.cfi_startproc
 272              		@ args = 0, pretend = 0, frame = 24
 273              		@ frame_needed = 0, uses_anonymous_args = 0
 274              		.loc 1 151 1 is_stmt 0 view .LVU58
 275 0000 10B5     		push	{r4, lr}
 276              	.LCFI7:
 277              		.cfi_def_cfa_offset 8
 278              		.cfi_offset 4, -8
 279              		.cfi_offset 14, -4
 280 0002 86B0     		sub	sp, sp, #24
 281              	.LCFI8:
 282              		.cfi_def_cfa_offset 32
 152:Src/stm32f1xx_hal_msp.c ****   GPIO_InitTypeDef GPIO_InitStruct = {0};
 283              		.loc 1 152 3 is_stmt 1 view .LVU59
 284              		.loc 1 152 20 is_stmt 0 view .LVU60
 285 0004 0023     		movs	r3, #0
 286 0006 0293     		str	r3, [sp, #8]
 287 0008 0393     		str	r3, [sp, #12]
 288 000a 0493     		str	r3, [sp, #16]
 289 000c 0593     		str	r3, [sp, #20]
 153:Src/stm32f1xx_hal_msp.c ****   if(hspi->Instance==SPI1)
ARM GAS  C:\Users\zygim\AppData\Local\Temp\ccgn0Ejc.s 			page 9


 290              		.loc 1 153 3 is_stmt 1 view .LVU61
 291              		.loc 1 153 10 is_stmt 0 view .LVU62
 292 000e 0268     		ldr	r2, [r0]
 293              		.loc 1 153 5 view .LVU63
 294 0010 164B     		ldr	r3, .L21
 295 0012 9A42     		cmp	r2, r3
 296 0014 01D0     		beq	.L20
 297              	.LVL14:
 298              	.L17:
 154:Src/stm32f1xx_hal_msp.c ****   {
 155:Src/stm32f1xx_hal_msp.c ****   /* USER CODE BEGIN SPI1_MspInit 0 */
 156:Src/stm32f1xx_hal_msp.c **** 
 157:Src/stm32f1xx_hal_msp.c ****   /* USER CODE END SPI1_MspInit 0 */
 158:Src/stm32f1xx_hal_msp.c ****     /* Peripheral clock enable */
 159:Src/stm32f1xx_hal_msp.c ****     __HAL_RCC_SPI1_CLK_ENABLE();
 160:Src/stm32f1xx_hal_msp.c **** 
 161:Src/stm32f1xx_hal_msp.c ****     __HAL_RCC_GPIOA_CLK_ENABLE();
 162:Src/stm32f1xx_hal_msp.c ****     /**SPI1 GPIO Configuration
 163:Src/stm32f1xx_hal_msp.c ****     PA5     ------> SPI1_SCK
 164:Src/stm32f1xx_hal_msp.c ****     PA6     ------> SPI1_MISO
 165:Src/stm32f1xx_hal_msp.c ****     PA7     ------> SPI1_MOSI
 166:Src/stm32f1xx_hal_msp.c ****     */
 167:Src/stm32f1xx_hal_msp.c ****     GPIO_InitStruct.Pin = GPIO_PIN_5|GPIO_PIN_7;
 168:Src/stm32f1xx_hal_msp.c ****     GPIO_InitStruct.Mode = GPIO_MODE_AF_PP;
 169:Src/stm32f1xx_hal_msp.c ****     GPIO_InitStruct.Speed = GPIO_SPEED_FREQ_HIGH;
 170:Src/stm32f1xx_hal_msp.c ****     HAL_GPIO_Init(GPIOA, &GPIO_InitStruct);
 171:Src/stm32f1xx_hal_msp.c **** 
 172:Src/stm32f1xx_hal_msp.c ****     GPIO_InitStruct.Pin = GPIO_PIN_6;
 173:Src/stm32f1xx_hal_msp.c ****     GPIO_InitStruct.Mode = GPIO_MODE_INPUT;
 174:Src/stm32f1xx_hal_msp.c ****     GPIO_InitStruct.Pull = GPIO_NOPULL;
 175:Src/stm32f1xx_hal_msp.c ****     HAL_GPIO_Init(GPIOA, &GPIO_InitStruct);
 176:Src/stm32f1xx_hal_msp.c **** 
 177:Src/stm32f1xx_hal_msp.c ****   /* USER CODE BEGIN SPI1_MspInit 1 */
 178:Src/stm32f1xx_hal_msp.c **** 
 179:Src/stm32f1xx_hal_msp.c ****   /* USER CODE END SPI1_MspInit 1 */
 180:Src/stm32f1xx_hal_msp.c ****   }
 181:Src/stm32f1xx_hal_msp.c **** 
 182:Src/stm32f1xx_hal_msp.c **** }
 299              		.loc 1 182 1 view .LVU64
 300 0016 06B0     		add	sp, sp, #24
 301              	.LCFI9:
 302              		.cfi_remember_state
 303              		.cfi_def_cfa_offset 8
 304              		@ sp needed
 305 0018 10BD     		pop	{r4, pc}
 306              	.LVL15:
 307              	.L20:
 308              	.LCFI10:
 309              		.cfi_restore_state
 159:Src/stm32f1xx_hal_msp.c **** 
 310              		.loc 1 159 5 is_stmt 1 view .LVU65
 311              	.LBB7:
 159:Src/stm32f1xx_hal_msp.c **** 
 312              		.loc 1 159 5 view .LVU66
 159:Src/stm32f1xx_hal_msp.c **** 
 313              		.loc 1 159 5 view .LVU67
 314 001a 03F56043 		add	r3, r3, #57344
ARM GAS  C:\Users\zygim\AppData\Local\Temp\ccgn0Ejc.s 			page 10


 315 001e 9A69     		ldr	r2, [r3, #24]
 316 0020 42F48052 		orr	r2, r2, #4096
 317 0024 9A61     		str	r2, [r3, #24]
 159:Src/stm32f1xx_hal_msp.c **** 
 318              		.loc 1 159 5 view .LVU68
 319 0026 9A69     		ldr	r2, [r3, #24]
 320 0028 02F48052 		and	r2, r2, #4096
 321 002c 0092     		str	r2, [sp]
 159:Src/stm32f1xx_hal_msp.c **** 
 322              		.loc 1 159 5 view .LVU69
 323 002e 009A     		ldr	r2, [sp]
 324              	.LBE7:
 159:Src/stm32f1xx_hal_msp.c **** 
 325              		.loc 1 159 5 view .LVU70
 161:Src/stm32f1xx_hal_msp.c ****     /**SPI1 GPIO Configuration
 326              		.loc 1 161 5 view .LVU71
 327              	.LBB8:
 161:Src/stm32f1xx_hal_msp.c ****     /**SPI1 GPIO Configuration
 328              		.loc 1 161 5 view .LVU72
 161:Src/stm32f1xx_hal_msp.c ****     /**SPI1 GPIO Configuration
 329              		.loc 1 161 5 view .LVU73
 330 0030 9A69     		ldr	r2, [r3, #24]
 331 0032 42F00402 		orr	r2, r2, #4
 332 0036 9A61     		str	r2, [r3, #24]
 161:Src/stm32f1xx_hal_msp.c ****     /**SPI1 GPIO Configuration
 333              		.loc 1 161 5 view .LVU74
 334 0038 9B69     		ldr	r3, [r3, #24]
 335 003a 03F00403 		and	r3, r3, #4
 336 003e 0193     		str	r3, [sp, #4]
 161:Src/stm32f1xx_hal_msp.c ****     /**SPI1 GPIO Configuration
 337              		.loc 1 161 5 view .LVU75
 338 0040 019B     		ldr	r3, [sp, #4]
 339              	.LBE8:
 161:Src/stm32f1xx_hal_msp.c ****     /**SPI1 GPIO Configuration
 340              		.loc 1 161 5 view .LVU76
 167:Src/stm32f1xx_hal_msp.c ****     GPIO_InitStruct.Mode = GPIO_MODE_AF_PP;
 341              		.loc 1 167 5 view .LVU77
 167:Src/stm32f1xx_hal_msp.c ****     GPIO_InitStruct.Mode = GPIO_MODE_AF_PP;
 342              		.loc 1 167 25 is_stmt 0 view .LVU78
 343 0042 A023     		movs	r3, #160
 344 0044 0293     		str	r3, [sp, #8]
 168:Src/stm32f1xx_hal_msp.c ****     GPIO_InitStruct.Speed = GPIO_SPEED_FREQ_HIGH;
 345              		.loc 1 168 5 is_stmt 1 view .LVU79
 168:Src/stm32f1xx_hal_msp.c ****     GPIO_InitStruct.Speed = GPIO_SPEED_FREQ_HIGH;
 346              		.loc 1 168 26 is_stmt 0 view .LVU80
 347 0046 0223     		movs	r3, #2
 348 0048 0393     		str	r3, [sp, #12]
 169:Src/stm32f1xx_hal_msp.c ****     HAL_GPIO_Init(GPIOA, &GPIO_InitStruct);
 349              		.loc 1 169 5 is_stmt 1 view .LVU81
 169:Src/stm32f1xx_hal_msp.c ****     HAL_GPIO_Init(GPIOA, &GPIO_InitStruct);
 350              		.loc 1 169 27 is_stmt 0 view .LVU82
 351 004a 0323     		movs	r3, #3
 352 004c 0593     		str	r3, [sp, #20]
 170:Src/stm32f1xx_hal_msp.c **** 
 353              		.loc 1 170 5 is_stmt 1 view .LVU83
 354 004e 084C     		ldr	r4, .L21+4
 355 0050 02A9     		add	r1, sp, #8
ARM GAS  C:\Users\zygim\AppData\Local\Temp\ccgn0Ejc.s 			page 11


 356 0052 2046     		mov	r0, r4
 357              	.LVL16:
 170:Src/stm32f1xx_hal_msp.c **** 
 358              		.loc 1 170 5 is_stmt 0 view .LVU84
 359 0054 FFF7FEFF 		bl	HAL_GPIO_Init
 360              	.LVL17:
 172:Src/stm32f1xx_hal_msp.c ****     GPIO_InitStruct.Mode = GPIO_MODE_INPUT;
 361              		.loc 1 172 5 is_stmt 1 view .LVU85
 172:Src/stm32f1xx_hal_msp.c ****     GPIO_InitStruct.Mode = GPIO_MODE_INPUT;
 362              		.loc 1 172 25 is_stmt 0 view .LVU86
 363 0058 4023     		movs	r3, #64
 364 005a 0293     		str	r3, [sp, #8]
 173:Src/stm32f1xx_hal_msp.c ****     GPIO_InitStruct.Pull = GPIO_NOPULL;
 365              		.loc 1 173 5 is_stmt 1 view .LVU87
 173:Src/stm32f1xx_hal_msp.c ****     GPIO_InitStruct.Pull = GPIO_NOPULL;
 366              		.loc 1 173 26 is_stmt 0 view .LVU88
 367 005c 0023     		movs	r3, #0
 368 005e 0393     		str	r3, [sp, #12]
 174:Src/stm32f1xx_hal_msp.c ****     HAL_GPIO_Init(GPIOA, &GPIO_InitStruct);
 369              		.loc 1 174 5 is_stmt 1 view .LVU89
 174:Src/stm32f1xx_hal_msp.c ****     HAL_GPIO_Init(GPIOA, &GPIO_InitStruct);
 370              		.loc 1 174 26 is_stmt 0 view .LVU90
 371 0060 0493     		str	r3, [sp, #16]
 175:Src/stm32f1xx_hal_msp.c **** 
 372              		.loc 1 175 5 is_stmt 1 view .LVU91
 373 0062 02A9     		add	r1, sp, #8
 374 0064 2046     		mov	r0, r4
 375 0066 FFF7FEFF 		bl	HAL_GPIO_Init
 376              	.LVL18:
 377              		.loc 1 182 1 is_stmt 0 view .LVU92
 378 006a D4E7     		b	.L17
 379              	.L22:
 380              		.align	2
 381              	.L21:
 382 006c 00300140 		.word	1073819648
 383 0070 00080140 		.word	1073809408
 384              		.cfi_endproc
 385              	.LFE68:
 387              		.section	.text.HAL_SPI_MspDeInit,"ax",%progbits
 388              		.align	1
 389              		.global	HAL_SPI_MspDeInit
 390              		.syntax unified
 391              		.thumb
 392              		.thumb_func
 393              		.fpu softvfp
 395              	HAL_SPI_MspDeInit:
 396              	.LVL19:
 397              	.LFB69:
 183:Src/stm32f1xx_hal_msp.c **** 
 184:Src/stm32f1xx_hal_msp.c **** /**
 185:Src/stm32f1xx_hal_msp.c **** * @brief SPI MSP De-Initialization
 186:Src/stm32f1xx_hal_msp.c **** * This function freeze the hardware resources used in this example
 187:Src/stm32f1xx_hal_msp.c **** * @param hspi: SPI handle pointer
 188:Src/stm32f1xx_hal_msp.c **** * @retval None
 189:Src/stm32f1xx_hal_msp.c **** */
 190:Src/stm32f1xx_hal_msp.c **** void HAL_SPI_MspDeInit(SPI_HandleTypeDef* hspi)
 191:Src/stm32f1xx_hal_msp.c **** {
ARM GAS  C:\Users\zygim\AppData\Local\Temp\ccgn0Ejc.s 			page 12


 398              		.loc 1 191 1 is_stmt 1 view -0
 399              		.cfi_startproc
 400              		@ args = 0, pretend = 0, frame = 0
 401              		@ frame_needed = 0, uses_anonymous_args = 0
 402              		.loc 1 191 1 is_stmt 0 view .LVU94
 403 0000 08B5     		push	{r3, lr}
 404              	.LCFI11:
 405              		.cfi_def_cfa_offset 8
 406              		.cfi_offset 3, -8
 407              		.cfi_offset 14, -4
 192:Src/stm32f1xx_hal_msp.c ****   if(hspi->Instance==SPI1)
 408              		.loc 1 192 3 is_stmt 1 view .LVU95
 409              		.loc 1 192 10 is_stmt 0 view .LVU96
 410 0002 0268     		ldr	r2, [r0]
 411              		.loc 1 192 5 view .LVU97
 412 0004 064B     		ldr	r3, .L27
 413 0006 9A42     		cmp	r2, r3
 414 0008 00D0     		beq	.L26
 415              	.LVL20:
 416              	.L23:
 193:Src/stm32f1xx_hal_msp.c ****   {
 194:Src/stm32f1xx_hal_msp.c ****   /* USER CODE BEGIN SPI1_MspDeInit 0 */
 195:Src/stm32f1xx_hal_msp.c **** 
 196:Src/stm32f1xx_hal_msp.c ****   /* USER CODE END SPI1_MspDeInit 0 */
 197:Src/stm32f1xx_hal_msp.c ****     /* Peripheral clock disable */
 198:Src/stm32f1xx_hal_msp.c ****     __HAL_RCC_SPI1_CLK_DISABLE();
 199:Src/stm32f1xx_hal_msp.c **** 
 200:Src/stm32f1xx_hal_msp.c ****     /**SPI1 GPIO Configuration
 201:Src/stm32f1xx_hal_msp.c ****     PA5     ------> SPI1_SCK
 202:Src/stm32f1xx_hal_msp.c ****     PA6     ------> SPI1_MISO
 203:Src/stm32f1xx_hal_msp.c ****     PA7     ------> SPI1_MOSI
 204:Src/stm32f1xx_hal_msp.c ****     */
 205:Src/stm32f1xx_hal_msp.c ****     HAL_GPIO_DeInit(GPIOA, GPIO_PIN_5|GPIO_PIN_6|GPIO_PIN_7);
 206:Src/stm32f1xx_hal_msp.c **** 
 207:Src/stm32f1xx_hal_msp.c ****   /* USER CODE BEGIN SPI1_MspDeInit 1 */
 208:Src/stm32f1xx_hal_msp.c **** 
 209:Src/stm32f1xx_hal_msp.c ****   /* USER CODE END SPI1_MspDeInit 1 */
 210:Src/stm32f1xx_hal_msp.c ****   }
 211:Src/stm32f1xx_hal_msp.c **** 
 212:Src/stm32f1xx_hal_msp.c **** }
 417              		.loc 1 212 1 view .LVU98
 418 000a 08BD     		pop	{r3, pc}
 419              	.LVL21:
 420              	.L26:
 198:Src/stm32f1xx_hal_msp.c **** 
 421              		.loc 1 198 5 is_stmt 1 view .LVU99
 422 000c 054A     		ldr	r2, .L27+4
 423 000e 9369     		ldr	r3, [r2, #24]
 424 0010 23F48053 		bic	r3, r3, #4096
 425 0014 9361     		str	r3, [r2, #24]
 205:Src/stm32f1xx_hal_msp.c **** 
 426              		.loc 1 205 5 view .LVU100
 427 0016 E021     		movs	r1, #224
 428 0018 0348     		ldr	r0, .L27+8
 429              	.LVL22:
 205:Src/stm32f1xx_hal_msp.c **** 
 430              		.loc 1 205 5 is_stmt 0 view .LVU101
ARM GAS  C:\Users\zygim\AppData\Local\Temp\ccgn0Ejc.s 			page 13


 431 001a FFF7FEFF 		bl	HAL_GPIO_DeInit
 432              	.LVL23:
 433              		.loc 1 212 1 view .LVU102
 434 001e F4E7     		b	.L23
 435              	.L28:
 436              		.align	2
 437              	.L27:
 438 0020 00300140 		.word	1073819648
 439 0024 00100240 		.word	1073876992
 440 0028 00080140 		.word	1073809408
 441              		.cfi_endproc
 442              	.LFE69:
 444              		.section	.text.HAL_UART_MspInit,"ax",%progbits
 445              		.align	1
 446              		.global	HAL_UART_MspInit
 447              		.syntax unified
 448              		.thumb
 449              		.thumb_func
 450              		.fpu softvfp
 452              	HAL_UART_MspInit:
 453              	.LVL24:
 454              	.LFB70:
 213:Src/stm32f1xx_hal_msp.c **** 
 214:Src/stm32f1xx_hal_msp.c **** /**
 215:Src/stm32f1xx_hal_msp.c **** * @brief UART MSP Initialization
 216:Src/stm32f1xx_hal_msp.c **** * This function configures the hardware resources used in this example
 217:Src/stm32f1xx_hal_msp.c **** * @param huart: UART handle pointer
 218:Src/stm32f1xx_hal_msp.c **** * @retval None
 219:Src/stm32f1xx_hal_msp.c **** */
 220:Src/stm32f1xx_hal_msp.c **** void HAL_UART_MspInit(UART_HandleTypeDef* huart)
 221:Src/stm32f1xx_hal_msp.c **** {
 455              		.loc 1 221 1 is_stmt 1 view -0
 456              		.cfi_startproc
 457              		@ args = 0, pretend = 0, frame = 40
 458              		@ frame_needed = 0, uses_anonymous_args = 0
 459              		.loc 1 221 1 is_stmt 0 view .LVU104
 460 0000 10B5     		push	{r4, lr}
 461              	.LCFI12:
 462              		.cfi_def_cfa_offset 8
 463              		.cfi_offset 4, -8
 464              		.cfi_offset 14, -4
 465 0002 8AB0     		sub	sp, sp, #40
 466              	.LCFI13:
 467              		.cfi_def_cfa_offset 48
 222:Src/stm32f1xx_hal_msp.c ****   GPIO_InitTypeDef GPIO_InitStruct = {0};
 468              		.loc 1 222 3 is_stmt 1 view .LVU105
 469              		.loc 1 222 20 is_stmt 0 view .LVU106
 470 0004 0023     		movs	r3, #0
 471 0006 0693     		str	r3, [sp, #24]
 472 0008 0793     		str	r3, [sp, #28]
 473 000a 0893     		str	r3, [sp, #32]
 474 000c 0993     		str	r3, [sp, #36]
 223:Src/stm32f1xx_hal_msp.c ****   if(huart->Instance==USART1)
 475              		.loc 1 223 3 is_stmt 1 view .LVU107
 476              		.loc 1 223 11 is_stmt 0 view .LVU108
 477 000e 0368     		ldr	r3, [r0]
 478              		.loc 1 223 5 view .LVU109
ARM GAS  C:\Users\zygim\AppData\Local\Temp\ccgn0Ejc.s 			page 14


 479 0010 434A     		ldr	r2, .L37
 480 0012 9342     		cmp	r3, r2
 481 0014 07D0     		beq	.L34
 224:Src/stm32f1xx_hal_msp.c ****   {
 225:Src/stm32f1xx_hal_msp.c ****   /* USER CODE BEGIN USART1_MspInit 0 */
 226:Src/stm32f1xx_hal_msp.c **** 
 227:Src/stm32f1xx_hal_msp.c ****   /* USER CODE END USART1_MspInit 0 */
 228:Src/stm32f1xx_hal_msp.c ****     /* Peripheral clock enable */
 229:Src/stm32f1xx_hal_msp.c ****     __HAL_RCC_USART1_CLK_ENABLE();
 230:Src/stm32f1xx_hal_msp.c **** 
 231:Src/stm32f1xx_hal_msp.c ****     __HAL_RCC_GPIOA_CLK_ENABLE();
 232:Src/stm32f1xx_hal_msp.c ****     /**USART1 GPIO Configuration
 233:Src/stm32f1xx_hal_msp.c ****     PA9     ------> USART1_TX
 234:Src/stm32f1xx_hal_msp.c ****     PA10     ------> USART1_RX
 235:Src/stm32f1xx_hal_msp.c ****     */
 236:Src/stm32f1xx_hal_msp.c ****     GPIO_InitStruct.Pin = GPIO_PIN_9;
 237:Src/stm32f1xx_hal_msp.c ****     GPIO_InitStruct.Mode = GPIO_MODE_AF_PP;
 238:Src/stm32f1xx_hal_msp.c ****     GPIO_InitStruct.Speed = GPIO_SPEED_FREQ_HIGH;
 239:Src/stm32f1xx_hal_msp.c ****     HAL_GPIO_Init(GPIOA, &GPIO_InitStruct);
 240:Src/stm32f1xx_hal_msp.c **** 
 241:Src/stm32f1xx_hal_msp.c ****     GPIO_InitStruct.Pin = GPIO_PIN_10;
 242:Src/stm32f1xx_hal_msp.c ****     GPIO_InitStruct.Mode = GPIO_MODE_INPUT;
 243:Src/stm32f1xx_hal_msp.c ****     GPIO_InitStruct.Pull = GPIO_NOPULL;
 244:Src/stm32f1xx_hal_msp.c ****     HAL_GPIO_Init(GPIOA, &GPIO_InitStruct);
 245:Src/stm32f1xx_hal_msp.c **** 
 246:Src/stm32f1xx_hal_msp.c ****   /* USER CODE BEGIN USART1_MspInit 1 */
 247:Src/stm32f1xx_hal_msp.c **** 
 248:Src/stm32f1xx_hal_msp.c ****   /* USER CODE END USART1_MspInit 1 */
 249:Src/stm32f1xx_hal_msp.c ****   }
 250:Src/stm32f1xx_hal_msp.c ****   else if(huart->Instance==USART2)
 482              		.loc 1 250 8 is_stmt 1 view .LVU110
 483              		.loc 1 250 10 is_stmt 0 view .LVU111
 484 0016 434A     		ldr	r2, .L37+4
 485 0018 9342     		cmp	r3, r2
 486 001a 2ED0     		beq	.L35
 251:Src/stm32f1xx_hal_msp.c ****   {
 252:Src/stm32f1xx_hal_msp.c ****   /* USER CODE BEGIN USART2_MspInit 0 */
 253:Src/stm32f1xx_hal_msp.c **** 
 254:Src/stm32f1xx_hal_msp.c ****   /* USER CODE END USART2_MspInit 0 */
 255:Src/stm32f1xx_hal_msp.c ****     /* Peripheral clock enable */
 256:Src/stm32f1xx_hal_msp.c ****     __HAL_RCC_USART2_CLK_ENABLE();
 257:Src/stm32f1xx_hal_msp.c **** 
 258:Src/stm32f1xx_hal_msp.c ****     __HAL_RCC_GPIOA_CLK_ENABLE();
 259:Src/stm32f1xx_hal_msp.c ****     /**USART2 GPIO Configuration
 260:Src/stm32f1xx_hal_msp.c ****     PA2     ------> USART2_TX
 261:Src/stm32f1xx_hal_msp.c ****     PA3     ------> USART2_RX
 262:Src/stm32f1xx_hal_msp.c ****     */
 263:Src/stm32f1xx_hal_msp.c ****     GPIO_InitStruct.Pin = GPIO_PIN_2;
 264:Src/stm32f1xx_hal_msp.c ****     GPIO_InitStruct.Mode = GPIO_MODE_AF_PP;
 265:Src/stm32f1xx_hal_msp.c ****     GPIO_InitStruct.Speed = GPIO_SPEED_FREQ_HIGH;
 266:Src/stm32f1xx_hal_msp.c ****     HAL_GPIO_Init(GPIOA, &GPIO_InitStruct);
 267:Src/stm32f1xx_hal_msp.c **** 
 268:Src/stm32f1xx_hal_msp.c ****     GPIO_InitStruct.Pin = GPIO_PIN_3;
 269:Src/stm32f1xx_hal_msp.c ****     GPIO_InitStruct.Mode = GPIO_MODE_INPUT;
 270:Src/stm32f1xx_hal_msp.c ****     GPIO_InitStruct.Pull = GPIO_NOPULL;
 271:Src/stm32f1xx_hal_msp.c ****     HAL_GPIO_Init(GPIOA, &GPIO_InitStruct);
 272:Src/stm32f1xx_hal_msp.c **** 
ARM GAS  C:\Users\zygim\AppData\Local\Temp\ccgn0Ejc.s 			page 15


 273:Src/stm32f1xx_hal_msp.c ****   /* USER CODE BEGIN USART2_MspInit 1 */
 274:Src/stm32f1xx_hal_msp.c **** 
 275:Src/stm32f1xx_hal_msp.c ****   /* USER CODE END USART2_MspInit 1 */
 276:Src/stm32f1xx_hal_msp.c ****   }
 277:Src/stm32f1xx_hal_msp.c ****   else if(huart->Instance==USART3)
 487              		.loc 1 277 8 is_stmt 1 view .LVU112
 488              		.loc 1 277 10 is_stmt 0 view .LVU113
 489 001c 424A     		ldr	r2, .L37+8
 490 001e 9342     		cmp	r3, r2
 491 0020 53D0     		beq	.L36
 492              	.LVL25:
 493              	.L29:
 278:Src/stm32f1xx_hal_msp.c ****   {
 279:Src/stm32f1xx_hal_msp.c ****   /* USER CODE BEGIN USART3_MspInit 0 */
 280:Src/stm32f1xx_hal_msp.c **** 
 281:Src/stm32f1xx_hal_msp.c ****   /* USER CODE END USART3_MspInit 0 */
 282:Src/stm32f1xx_hal_msp.c ****     /* Peripheral clock enable */
 283:Src/stm32f1xx_hal_msp.c ****     __HAL_RCC_USART3_CLK_ENABLE();
 284:Src/stm32f1xx_hal_msp.c **** 
 285:Src/stm32f1xx_hal_msp.c ****     __HAL_RCC_GPIOB_CLK_ENABLE();
 286:Src/stm32f1xx_hal_msp.c ****     /**USART3 GPIO Configuration
 287:Src/stm32f1xx_hal_msp.c ****     PB10     ------> USART3_TX
 288:Src/stm32f1xx_hal_msp.c ****     PB11     ------> USART3_RX
 289:Src/stm32f1xx_hal_msp.c ****     */
 290:Src/stm32f1xx_hal_msp.c ****     GPIO_InitStruct.Pin = GPIO_PIN_10;
 291:Src/stm32f1xx_hal_msp.c ****     GPIO_InitStruct.Mode = GPIO_MODE_AF_PP;
 292:Src/stm32f1xx_hal_msp.c ****     GPIO_InitStruct.Speed = GPIO_SPEED_FREQ_HIGH;
 293:Src/stm32f1xx_hal_msp.c ****     HAL_GPIO_Init(GPIOB, &GPIO_InitStruct);
 294:Src/stm32f1xx_hal_msp.c **** 
 295:Src/stm32f1xx_hal_msp.c ****     GPIO_InitStruct.Pin = GPIO_PIN_11;
 296:Src/stm32f1xx_hal_msp.c ****     GPIO_InitStruct.Mode = GPIO_MODE_INPUT;
 297:Src/stm32f1xx_hal_msp.c ****     GPIO_InitStruct.Pull = GPIO_NOPULL;
 298:Src/stm32f1xx_hal_msp.c ****     HAL_GPIO_Init(GPIOB, &GPIO_InitStruct);
 299:Src/stm32f1xx_hal_msp.c **** 
 300:Src/stm32f1xx_hal_msp.c ****   /* USER CODE BEGIN USART3_MspInit 1 */
 301:Src/stm32f1xx_hal_msp.c **** 
 302:Src/stm32f1xx_hal_msp.c ****   /* USER CODE END USART3_MspInit 1 */
 303:Src/stm32f1xx_hal_msp.c ****   }
 304:Src/stm32f1xx_hal_msp.c **** 
 305:Src/stm32f1xx_hal_msp.c **** }
 494              		.loc 1 305 1 view .LVU114
 495 0022 0AB0     		add	sp, sp, #40
 496              	.LCFI14:
 497              		.cfi_remember_state
 498              		.cfi_def_cfa_offset 8
 499              		@ sp needed
 500 0024 10BD     		pop	{r4, pc}
 501              	.LVL26:
 502              	.L34:
 503              	.LCFI15:
 504              		.cfi_restore_state
 229:Src/stm32f1xx_hal_msp.c **** 
 505              		.loc 1 229 5 is_stmt 1 view .LVU115
 506              	.LBB9:
 229:Src/stm32f1xx_hal_msp.c **** 
 507              		.loc 1 229 5 view .LVU116
 229:Src/stm32f1xx_hal_msp.c **** 
ARM GAS  C:\Users\zygim\AppData\Local\Temp\ccgn0Ejc.s 			page 16


 508              		.loc 1 229 5 view .LVU117
 509 0026 414B     		ldr	r3, .L37+12
 510 0028 9A69     		ldr	r2, [r3, #24]
 511 002a 42F48042 		orr	r2, r2, #16384
 512 002e 9A61     		str	r2, [r3, #24]
 229:Src/stm32f1xx_hal_msp.c **** 
 513              		.loc 1 229 5 view .LVU118
 514 0030 9A69     		ldr	r2, [r3, #24]
 515 0032 02F48042 		and	r2, r2, #16384
 516 0036 0092     		str	r2, [sp]
 229:Src/stm32f1xx_hal_msp.c **** 
 517              		.loc 1 229 5 view .LVU119
 518 0038 009A     		ldr	r2, [sp]
 519              	.LBE9:
 229:Src/stm32f1xx_hal_msp.c **** 
 520              		.loc 1 229 5 view .LVU120
 231:Src/stm32f1xx_hal_msp.c ****     /**USART1 GPIO Configuration
 521              		.loc 1 231 5 view .LVU121
 522              	.LBB10:
 231:Src/stm32f1xx_hal_msp.c ****     /**USART1 GPIO Configuration
 523              		.loc 1 231 5 view .LVU122
 231:Src/stm32f1xx_hal_msp.c ****     /**USART1 GPIO Configuration
 524              		.loc 1 231 5 view .LVU123
 525 003a 9A69     		ldr	r2, [r3, #24]
 526 003c 42F00402 		orr	r2, r2, #4
 527 0040 9A61     		str	r2, [r3, #24]
 231:Src/stm32f1xx_hal_msp.c ****     /**USART1 GPIO Configuration
 528              		.loc 1 231 5 view .LVU124
 529 0042 9B69     		ldr	r3, [r3, #24]
 530 0044 03F00403 		and	r3, r3, #4
 531 0048 0193     		str	r3, [sp, #4]
 231:Src/stm32f1xx_hal_msp.c ****     /**USART1 GPIO Configuration
 532              		.loc 1 231 5 view .LVU125
 533 004a 019B     		ldr	r3, [sp, #4]
 534              	.LBE10:
 231:Src/stm32f1xx_hal_msp.c ****     /**USART1 GPIO Configuration
 535              		.loc 1 231 5 view .LVU126
 236:Src/stm32f1xx_hal_msp.c ****     GPIO_InitStruct.Mode = GPIO_MODE_AF_PP;
 536              		.loc 1 236 5 view .LVU127
 236:Src/stm32f1xx_hal_msp.c ****     GPIO_InitStruct.Mode = GPIO_MODE_AF_PP;
 537              		.loc 1 236 25 is_stmt 0 view .LVU128
 538 004c 4FF40073 		mov	r3, #512
 539 0050 0693     		str	r3, [sp, #24]
 237:Src/stm32f1xx_hal_msp.c ****     GPIO_InitStruct.Speed = GPIO_SPEED_FREQ_HIGH;
 540              		.loc 1 237 5 is_stmt 1 view .LVU129
 237:Src/stm32f1xx_hal_msp.c ****     GPIO_InitStruct.Speed = GPIO_SPEED_FREQ_HIGH;
 541              		.loc 1 237 26 is_stmt 0 view .LVU130
 542 0052 0223     		movs	r3, #2
 543 0054 0793     		str	r3, [sp, #28]
 238:Src/stm32f1xx_hal_msp.c ****     HAL_GPIO_Init(GPIOA, &GPIO_InitStruct);
 544              		.loc 1 238 5 is_stmt 1 view .LVU131
 238:Src/stm32f1xx_hal_msp.c ****     HAL_GPIO_Init(GPIOA, &GPIO_InitStruct);
 545              		.loc 1 238 27 is_stmt 0 view .LVU132
 546 0056 0323     		movs	r3, #3
 547 0058 0993     		str	r3, [sp, #36]
 239:Src/stm32f1xx_hal_msp.c **** 
 548              		.loc 1 239 5 is_stmt 1 view .LVU133
ARM GAS  C:\Users\zygim\AppData\Local\Temp\ccgn0Ejc.s 			page 17


 549 005a 354C     		ldr	r4, .L37+16
 550 005c 06A9     		add	r1, sp, #24
 551 005e 2046     		mov	r0, r4
 552              	.LVL27:
 239:Src/stm32f1xx_hal_msp.c **** 
 553              		.loc 1 239 5 is_stmt 0 view .LVU134
 554 0060 FFF7FEFF 		bl	HAL_GPIO_Init
 555              	.LVL28:
 241:Src/stm32f1xx_hal_msp.c ****     GPIO_InitStruct.Mode = GPIO_MODE_INPUT;
 556              		.loc 1 241 5 is_stmt 1 view .LVU135
 241:Src/stm32f1xx_hal_msp.c ****     GPIO_InitStruct.Mode = GPIO_MODE_INPUT;
 557              		.loc 1 241 25 is_stmt 0 view .LVU136
 558 0064 4FF48063 		mov	r3, #1024
 559 0068 0693     		str	r3, [sp, #24]
 242:Src/stm32f1xx_hal_msp.c ****     GPIO_InitStruct.Pull = GPIO_NOPULL;
 560              		.loc 1 242 5 is_stmt 1 view .LVU137
 242:Src/stm32f1xx_hal_msp.c ****     GPIO_InitStruct.Pull = GPIO_NOPULL;
 561              		.loc 1 242 26 is_stmt 0 view .LVU138
 562 006a 0023     		movs	r3, #0
 563 006c 0793     		str	r3, [sp, #28]
 243:Src/stm32f1xx_hal_msp.c ****     HAL_GPIO_Init(GPIOA, &GPIO_InitStruct);
 564              		.loc 1 243 5 is_stmt 1 view .LVU139
 243:Src/stm32f1xx_hal_msp.c ****     HAL_GPIO_Init(GPIOA, &GPIO_InitStruct);
 565              		.loc 1 243 26 is_stmt 0 view .LVU140
 566 006e 0893     		str	r3, [sp, #32]
 244:Src/stm32f1xx_hal_msp.c **** 
 567              		.loc 1 244 5 is_stmt 1 view .LVU141
 568 0070 06A9     		add	r1, sp, #24
 569 0072 2046     		mov	r0, r4
 570 0074 FFF7FEFF 		bl	HAL_GPIO_Init
 571              	.LVL29:
 572 0078 D3E7     		b	.L29
 573              	.LVL30:
 574              	.L35:
 256:Src/stm32f1xx_hal_msp.c **** 
 575              		.loc 1 256 5 view .LVU142
 576              	.LBB11:
 256:Src/stm32f1xx_hal_msp.c **** 
 577              		.loc 1 256 5 view .LVU143
 256:Src/stm32f1xx_hal_msp.c **** 
 578              		.loc 1 256 5 view .LVU144
 579 007a 2C4B     		ldr	r3, .L37+12
 580 007c DA69     		ldr	r2, [r3, #28]
 581 007e 42F40032 		orr	r2, r2, #131072
 582 0082 DA61     		str	r2, [r3, #28]
 256:Src/stm32f1xx_hal_msp.c **** 
 583              		.loc 1 256 5 view .LVU145
 584 0084 DA69     		ldr	r2, [r3, #28]
 585 0086 02F40032 		and	r2, r2, #131072
 586 008a 0292     		str	r2, [sp, #8]
 256:Src/stm32f1xx_hal_msp.c **** 
 587              		.loc 1 256 5 view .LVU146
 588 008c 029A     		ldr	r2, [sp, #8]
 589              	.LBE11:
 256:Src/stm32f1xx_hal_msp.c **** 
 590              		.loc 1 256 5 view .LVU147
 258:Src/stm32f1xx_hal_msp.c ****     /**USART2 GPIO Configuration
ARM GAS  C:\Users\zygim\AppData\Local\Temp\ccgn0Ejc.s 			page 18


 591              		.loc 1 258 5 view .LVU148
 592              	.LBB12:
 258:Src/stm32f1xx_hal_msp.c ****     /**USART2 GPIO Configuration
 593              		.loc 1 258 5 view .LVU149
 258:Src/stm32f1xx_hal_msp.c ****     /**USART2 GPIO Configuration
 594              		.loc 1 258 5 view .LVU150
 595 008e 9A69     		ldr	r2, [r3, #24]
 596 0090 42F00402 		orr	r2, r2, #4
 597 0094 9A61     		str	r2, [r3, #24]
 258:Src/stm32f1xx_hal_msp.c ****     /**USART2 GPIO Configuration
 598              		.loc 1 258 5 view .LVU151
 599 0096 9B69     		ldr	r3, [r3, #24]
 600 0098 03F00403 		and	r3, r3, #4
 601 009c 0393     		str	r3, [sp, #12]
 258:Src/stm32f1xx_hal_msp.c ****     /**USART2 GPIO Configuration
 602              		.loc 1 258 5 view .LVU152
 603 009e 039B     		ldr	r3, [sp, #12]
 604              	.LBE12:
 258:Src/stm32f1xx_hal_msp.c ****     /**USART2 GPIO Configuration
 605              		.loc 1 258 5 view .LVU153
 263:Src/stm32f1xx_hal_msp.c ****     GPIO_InitStruct.Mode = GPIO_MODE_AF_PP;
 606              		.loc 1 263 5 view .LVU154
 263:Src/stm32f1xx_hal_msp.c ****     GPIO_InitStruct.Mode = GPIO_MODE_AF_PP;
 607              		.loc 1 263 25 is_stmt 0 view .LVU155
 608 00a0 0423     		movs	r3, #4
 609 00a2 0693     		str	r3, [sp, #24]
 264:Src/stm32f1xx_hal_msp.c ****     GPIO_InitStruct.Speed = GPIO_SPEED_FREQ_HIGH;
 610              		.loc 1 264 5 is_stmt 1 view .LVU156
 264:Src/stm32f1xx_hal_msp.c ****     GPIO_InitStruct.Speed = GPIO_SPEED_FREQ_HIGH;
 611              		.loc 1 264 26 is_stmt 0 view .LVU157
 612 00a4 0223     		movs	r3, #2
 613 00a6 0793     		str	r3, [sp, #28]
 265:Src/stm32f1xx_hal_msp.c ****     HAL_GPIO_Init(GPIOA, &GPIO_InitStruct);
 614              		.loc 1 265 5 is_stmt 1 view .LVU158
 265:Src/stm32f1xx_hal_msp.c ****     HAL_GPIO_Init(GPIOA, &GPIO_InitStruct);
 615              		.loc 1 265 27 is_stmt 0 view .LVU159
 616 00a8 0323     		movs	r3, #3
 617 00aa 0993     		str	r3, [sp, #36]
 266:Src/stm32f1xx_hal_msp.c **** 
 618              		.loc 1 266 5 is_stmt 1 view .LVU160
 619 00ac 204C     		ldr	r4, .L37+16
 620 00ae 06A9     		add	r1, sp, #24
 621 00b0 2046     		mov	r0, r4
 622              	.LVL31:
 266:Src/stm32f1xx_hal_msp.c **** 
 623              		.loc 1 266 5 is_stmt 0 view .LVU161
 624 00b2 FFF7FEFF 		bl	HAL_GPIO_Init
 625              	.LVL32:
 268:Src/stm32f1xx_hal_msp.c ****     GPIO_InitStruct.Mode = GPIO_MODE_INPUT;
 626              		.loc 1 268 5 is_stmt 1 view .LVU162
 268:Src/stm32f1xx_hal_msp.c ****     GPIO_InitStruct.Mode = GPIO_MODE_INPUT;
 627              		.loc 1 268 25 is_stmt 0 view .LVU163
 628 00b6 0823     		movs	r3, #8
 629 00b8 0693     		str	r3, [sp, #24]
 269:Src/stm32f1xx_hal_msp.c ****     GPIO_InitStruct.Pull = GPIO_NOPULL;
 630              		.loc 1 269 5 is_stmt 1 view .LVU164
 269:Src/stm32f1xx_hal_msp.c ****     GPIO_InitStruct.Pull = GPIO_NOPULL;
ARM GAS  C:\Users\zygim\AppData\Local\Temp\ccgn0Ejc.s 			page 19


 631              		.loc 1 269 26 is_stmt 0 view .LVU165
 632 00ba 0023     		movs	r3, #0
 633 00bc 0793     		str	r3, [sp, #28]
 270:Src/stm32f1xx_hal_msp.c ****     HAL_GPIO_Init(GPIOA, &GPIO_InitStruct);
 634              		.loc 1 270 5 is_stmt 1 view .LVU166
 270:Src/stm32f1xx_hal_msp.c ****     HAL_GPIO_Init(GPIOA, &GPIO_InitStruct);
 635              		.loc 1 270 26 is_stmt 0 view .LVU167
 636 00be 0893     		str	r3, [sp, #32]
 271:Src/stm32f1xx_hal_msp.c **** 
 637              		.loc 1 271 5 is_stmt 1 view .LVU168
 638 00c0 06A9     		add	r1, sp, #24
 639 00c2 2046     		mov	r0, r4
 640 00c4 FFF7FEFF 		bl	HAL_GPIO_Init
 641              	.LVL33:
 642 00c8 ABE7     		b	.L29
 643              	.LVL34:
 644              	.L36:
 283:Src/stm32f1xx_hal_msp.c **** 
 645              		.loc 1 283 5 view .LVU169
 646              	.LBB13:
 283:Src/stm32f1xx_hal_msp.c **** 
 647              		.loc 1 283 5 view .LVU170
 283:Src/stm32f1xx_hal_msp.c **** 
 648              		.loc 1 283 5 view .LVU171
 649 00ca 184B     		ldr	r3, .L37+12
 650 00cc DA69     		ldr	r2, [r3, #28]
 651 00ce 42F48022 		orr	r2, r2, #262144
 652 00d2 DA61     		str	r2, [r3, #28]
 283:Src/stm32f1xx_hal_msp.c **** 
 653              		.loc 1 283 5 view .LVU172
 654 00d4 DA69     		ldr	r2, [r3, #28]
 655 00d6 02F48022 		and	r2, r2, #262144
 656 00da 0492     		str	r2, [sp, #16]
 283:Src/stm32f1xx_hal_msp.c **** 
 657              		.loc 1 283 5 view .LVU173
 658 00dc 049A     		ldr	r2, [sp, #16]
 659              	.LBE13:
 283:Src/stm32f1xx_hal_msp.c **** 
 660              		.loc 1 283 5 view .LVU174
 285:Src/stm32f1xx_hal_msp.c ****     /**USART3 GPIO Configuration
 661              		.loc 1 285 5 view .LVU175
 662              	.LBB14:
 285:Src/stm32f1xx_hal_msp.c ****     /**USART3 GPIO Configuration
 663              		.loc 1 285 5 view .LVU176
 285:Src/stm32f1xx_hal_msp.c ****     /**USART3 GPIO Configuration
 664              		.loc 1 285 5 view .LVU177
 665 00de 9A69     		ldr	r2, [r3, #24]
 666 00e0 42F00802 		orr	r2, r2, #8
 667 00e4 9A61     		str	r2, [r3, #24]
 285:Src/stm32f1xx_hal_msp.c ****     /**USART3 GPIO Configuration
 668              		.loc 1 285 5 view .LVU178
 669 00e6 9B69     		ldr	r3, [r3, #24]
 670 00e8 03F00803 		and	r3, r3, #8
 671 00ec 0593     		str	r3, [sp, #20]
 285:Src/stm32f1xx_hal_msp.c ****     /**USART3 GPIO Configuration
 672              		.loc 1 285 5 view .LVU179
 673 00ee 059B     		ldr	r3, [sp, #20]
ARM GAS  C:\Users\zygim\AppData\Local\Temp\ccgn0Ejc.s 			page 20


 674              	.LBE14:
 285:Src/stm32f1xx_hal_msp.c ****     /**USART3 GPIO Configuration
 675              		.loc 1 285 5 view .LVU180
 290:Src/stm32f1xx_hal_msp.c ****     GPIO_InitStruct.Mode = GPIO_MODE_AF_PP;
 676              		.loc 1 290 5 view .LVU181
 290:Src/stm32f1xx_hal_msp.c ****     GPIO_InitStruct.Mode = GPIO_MODE_AF_PP;
 677              		.loc 1 290 25 is_stmt 0 view .LVU182
 678 00f0 4FF48063 		mov	r3, #1024
 679 00f4 0693     		str	r3, [sp, #24]
 291:Src/stm32f1xx_hal_msp.c ****     GPIO_InitStruct.Speed = GPIO_SPEED_FREQ_HIGH;
 680              		.loc 1 291 5 is_stmt 1 view .LVU183
 291:Src/stm32f1xx_hal_msp.c ****     GPIO_InitStruct.Speed = GPIO_SPEED_FREQ_HIGH;
 681              		.loc 1 291 26 is_stmt 0 view .LVU184
 682 00f6 0223     		movs	r3, #2
 683 00f8 0793     		str	r3, [sp, #28]
 292:Src/stm32f1xx_hal_msp.c ****     HAL_GPIO_Init(GPIOB, &GPIO_InitStruct);
 684              		.loc 1 292 5 is_stmt 1 view .LVU185
 292:Src/stm32f1xx_hal_msp.c ****     HAL_GPIO_Init(GPIOB, &GPIO_InitStruct);
 685              		.loc 1 292 27 is_stmt 0 view .LVU186
 686 00fa 0323     		movs	r3, #3
 687 00fc 0993     		str	r3, [sp, #36]
 293:Src/stm32f1xx_hal_msp.c **** 
 688              		.loc 1 293 5 is_stmt 1 view .LVU187
 689 00fe 0D4C     		ldr	r4, .L37+20
 690 0100 06A9     		add	r1, sp, #24
 691 0102 2046     		mov	r0, r4
 692              	.LVL35:
 293:Src/stm32f1xx_hal_msp.c **** 
 693              		.loc 1 293 5 is_stmt 0 view .LVU188
 694 0104 FFF7FEFF 		bl	HAL_GPIO_Init
 695              	.LVL36:
 295:Src/stm32f1xx_hal_msp.c ****     GPIO_InitStruct.Mode = GPIO_MODE_INPUT;
 696              		.loc 1 295 5 is_stmt 1 view .LVU189
 295:Src/stm32f1xx_hal_msp.c ****     GPIO_InitStruct.Mode = GPIO_MODE_INPUT;
 697              		.loc 1 295 25 is_stmt 0 view .LVU190
 698 0108 4FF40063 		mov	r3, #2048
 699 010c 0693     		str	r3, [sp, #24]
 296:Src/stm32f1xx_hal_msp.c ****     GPIO_InitStruct.Pull = GPIO_NOPULL;
 700              		.loc 1 296 5 is_stmt 1 view .LVU191
 296:Src/stm32f1xx_hal_msp.c ****     GPIO_InitStruct.Pull = GPIO_NOPULL;
 701              		.loc 1 296 26 is_stmt 0 view .LVU192
 702 010e 0023     		movs	r3, #0
 703 0110 0793     		str	r3, [sp, #28]
 297:Src/stm32f1xx_hal_msp.c ****     HAL_GPIO_Init(GPIOB, &GPIO_InitStruct);
 704              		.loc 1 297 5 is_stmt 1 view .LVU193
 297:Src/stm32f1xx_hal_msp.c ****     HAL_GPIO_Init(GPIOB, &GPIO_InitStruct);
 705              		.loc 1 297 26 is_stmt 0 view .LVU194
 706 0112 0893     		str	r3, [sp, #32]
 298:Src/stm32f1xx_hal_msp.c **** 
 707              		.loc 1 298 5 is_stmt 1 view .LVU195
 708 0114 06A9     		add	r1, sp, #24
 709 0116 2046     		mov	r0, r4
 710 0118 FFF7FEFF 		bl	HAL_GPIO_Init
 711              	.LVL37:
 712              		.loc 1 305 1 is_stmt 0 view .LVU196
 713 011c 81E7     		b	.L29
 714              	.L38:
ARM GAS  C:\Users\zygim\AppData\Local\Temp\ccgn0Ejc.s 			page 21


 715 011e 00BF     		.align	2
 716              	.L37:
 717 0120 00380140 		.word	1073821696
 718 0124 00440040 		.word	1073759232
 719 0128 00480040 		.word	1073760256
 720 012c 00100240 		.word	1073876992
 721 0130 00080140 		.word	1073809408
 722 0134 000C0140 		.word	1073810432
 723              		.cfi_endproc
 724              	.LFE70:
 726              		.section	.text.HAL_UART_MspDeInit,"ax",%progbits
 727              		.align	1
 728              		.global	HAL_UART_MspDeInit
 729              		.syntax unified
 730              		.thumb
 731              		.thumb_func
 732              		.fpu softvfp
 734              	HAL_UART_MspDeInit:
 735              	.LVL38:
 736              	.LFB71:
 306:Src/stm32f1xx_hal_msp.c **** 
 307:Src/stm32f1xx_hal_msp.c **** /**
 308:Src/stm32f1xx_hal_msp.c **** * @brief UART MSP De-Initialization
 309:Src/stm32f1xx_hal_msp.c **** * This function freeze the hardware resources used in this example
 310:Src/stm32f1xx_hal_msp.c **** * @param huart: UART handle pointer
 311:Src/stm32f1xx_hal_msp.c **** * @retval None
 312:Src/stm32f1xx_hal_msp.c **** */
 313:Src/stm32f1xx_hal_msp.c **** void HAL_UART_MspDeInit(UART_HandleTypeDef* huart)
 314:Src/stm32f1xx_hal_msp.c **** {
 737              		.loc 1 314 1 is_stmt 1 view -0
 738              		.cfi_startproc
 739              		@ args = 0, pretend = 0, frame = 0
 740              		@ frame_needed = 0, uses_anonymous_args = 0
 741              		.loc 1 314 1 is_stmt 0 view .LVU198
 742 0000 08B5     		push	{r3, lr}
 743              	.LCFI16:
 744              		.cfi_def_cfa_offset 8
 745              		.cfi_offset 3, -8
 746              		.cfi_offset 14, -4
 315:Src/stm32f1xx_hal_msp.c ****   if(huart->Instance==USART1)
 747              		.loc 1 315 3 is_stmt 1 view .LVU199
 748              		.loc 1 315 11 is_stmt 0 view .LVU200
 749 0002 0368     		ldr	r3, [r0]
 750              		.loc 1 315 5 view .LVU201
 751 0004 164A     		ldr	r2, .L47
 752 0006 9342     		cmp	r3, r2
 753 0008 06D0     		beq	.L44
 316:Src/stm32f1xx_hal_msp.c ****   {
 317:Src/stm32f1xx_hal_msp.c ****   /* USER CODE BEGIN USART1_MspDeInit 0 */
 318:Src/stm32f1xx_hal_msp.c **** 
 319:Src/stm32f1xx_hal_msp.c ****   /* USER CODE END USART1_MspDeInit 0 */
 320:Src/stm32f1xx_hal_msp.c ****     /* Peripheral clock disable */
 321:Src/stm32f1xx_hal_msp.c ****     __HAL_RCC_USART1_CLK_DISABLE();
 322:Src/stm32f1xx_hal_msp.c **** 
 323:Src/stm32f1xx_hal_msp.c ****     /**USART1 GPIO Configuration
 324:Src/stm32f1xx_hal_msp.c ****     PA9     ------> USART1_TX
 325:Src/stm32f1xx_hal_msp.c ****     PA10     ------> USART1_RX
ARM GAS  C:\Users\zygim\AppData\Local\Temp\ccgn0Ejc.s 			page 22


 326:Src/stm32f1xx_hal_msp.c ****     */
 327:Src/stm32f1xx_hal_msp.c ****     HAL_GPIO_DeInit(GPIOA, GPIO_PIN_9|GPIO_PIN_10);
 328:Src/stm32f1xx_hal_msp.c **** 
 329:Src/stm32f1xx_hal_msp.c ****   /* USER CODE BEGIN USART1_MspDeInit 1 */
 330:Src/stm32f1xx_hal_msp.c **** 
 331:Src/stm32f1xx_hal_msp.c ****   /* USER CODE END USART1_MspDeInit 1 */
 332:Src/stm32f1xx_hal_msp.c ****   }
 333:Src/stm32f1xx_hal_msp.c ****   else if(huart->Instance==USART2)
 754              		.loc 1 333 8 is_stmt 1 view .LVU202
 755              		.loc 1 333 10 is_stmt 0 view .LVU203
 756 000a 164A     		ldr	r2, .L47+4
 757 000c 9342     		cmp	r3, r2
 758 000e 0FD0     		beq	.L45
 334:Src/stm32f1xx_hal_msp.c ****   {
 335:Src/stm32f1xx_hal_msp.c ****   /* USER CODE BEGIN USART2_MspDeInit 0 */
 336:Src/stm32f1xx_hal_msp.c **** 
 337:Src/stm32f1xx_hal_msp.c ****   /* USER CODE END USART2_MspDeInit 0 */
 338:Src/stm32f1xx_hal_msp.c ****     /* Peripheral clock disable */
 339:Src/stm32f1xx_hal_msp.c ****     __HAL_RCC_USART2_CLK_DISABLE();
 340:Src/stm32f1xx_hal_msp.c **** 
 341:Src/stm32f1xx_hal_msp.c ****     /**USART2 GPIO Configuration
 342:Src/stm32f1xx_hal_msp.c ****     PA2     ------> USART2_TX
 343:Src/stm32f1xx_hal_msp.c ****     PA3     ------> USART2_RX
 344:Src/stm32f1xx_hal_msp.c ****     */
 345:Src/stm32f1xx_hal_msp.c ****     HAL_GPIO_DeInit(GPIOA, GPIO_PIN_2|GPIO_PIN_3);
 346:Src/stm32f1xx_hal_msp.c **** 
 347:Src/stm32f1xx_hal_msp.c ****   /* USER CODE BEGIN USART2_MspDeInit 1 */
 348:Src/stm32f1xx_hal_msp.c **** 
 349:Src/stm32f1xx_hal_msp.c ****   /* USER CODE END USART2_MspDeInit 1 */
 350:Src/stm32f1xx_hal_msp.c ****   }
 351:Src/stm32f1xx_hal_msp.c ****   else if(huart->Instance==USART3)
 759              		.loc 1 351 8 is_stmt 1 view .LVU204
 760              		.loc 1 351 10 is_stmt 0 view .LVU205
 761 0010 154A     		ldr	r2, .L47+8
 762 0012 9342     		cmp	r3, r2
 763 0014 17D0     		beq	.L46
 764              	.LVL39:
 765              	.L39:
 352:Src/stm32f1xx_hal_msp.c ****   {
 353:Src/stm32f1xx_hal_msp.c ****   /* USER CODE BEGIN USART3_MspDeInit 0 */
 354:Src/stm32f1xx_hal_msp.c **** 
 355:Src/stm32f1xx_hal_msp.c ****   /* USER CODE END USART3_MspDeInit 0 */
 356:Src/stm32f1xx_hal_msp.c ****     /* Peripheral clock disable */
 357:Src/stm32f1xx_hal_msp.c ****     __HAL_RCC_USART3_CLK_DISABLE();
 358:Src/stm32f1xx_hal_msp.c **** 
 359:Src/stm32f1xx_hal_msp.c ****     /**USART3 GPIO Configuration
 360:Src/stm32f1xx_hal_msp.c ****     PB10     ------> USART3_TX
 361:Src/stm32f1xx_hal_msp.c ****     PB11     ------> USART3_RX
 362:Src/stm32f1xx_hal_msp.c ****     */
 363:Src/stm32f1xx_hal_msp.c ****     HAL_GPIO_DeInit(GPIOB, GPIO_PIN_10|GPIO_PIN_11);
 364:Src/stm32f1xx_hal_msp.c **** 
 365:Src/stm32f1xx_hal_msp.c ****   /* USER CODE BEGIN USART3_MspDeInit 1 */
 366:Src/stm32f1xx_hal_msp.c **** 
 367:Src/stm32f1xx_hal_msp.c ****   /* USER CODE END USART3_MspDeInit 1 */
 368:Src/stm32f1xx_hal_msp.c ****   }
 369:Src/stm32f1xx_hal_msp.c **** 
 370:Src/stm32f1xx_hal_msp.c **** }
ARM GAS  C:\Users\zygim\AppData\Local\Temp\ccgn0Ejc.s 			page 23


 766              		.loc 1 370 1 view .LVU206
 767 0016 08BD     		pop	{r3, pc}
 768              	.LVL40:
 769              	.L44:
 321:Src/stm32f1xx_hal_msp.c **** 
 770              		.loc 1 321 5 is_stmt 1 view .LVU207
 771 0018 02F55842 		add	r2, r2, #55296
 772 001c 9369     		ldr	r3, [r2, #24]
 773 001e 23F48043 		bic	r3, r3, #16384
 774 0022 9361     		str	r3, [r2, #24]
 327:Src/stm32f1xx_hal_msp.c **** 
 775              		.loc 1 327 5 view .LVU208
 776 0024 4FF4C061 		mov	r1, #1536
 777 0028 1048     		ldr	r0, .L47+12
 778              	.LVL41:
 327:Src/stm32f1xx_hal_msp.c **** 
 779              		.loc 1 327 5 is_stmt 0 view .LVU209
 780 002a FFF7FEFF 		bl	HAL_GPIO_DeInit
 781              	.LVL42:
 782 002e F2E7     		b	.L39
 783              	.LVL43:
 784              	.L45:
 339:Src/stm32f1xx_hal_msp.c **** 
 785              		.loc 1 339 5 is_stmt 1 view .LVU210
 786 0030 02F5E632 		add	r2, r2, #117760
 787 0034 D369     		ldr	r3, [r2, #28]
 788 0036 23F40033 		bic	r3, r3, #131072
 789 003a D361     		str	r3, [r2, #28]
 345:Src/stm32f1xx_hal_msp.c **** 
 790              		.loc 1 345 5 view .LVU211
 791 003c 0C21     		movs	r1, #12
 792 003e 0B48     		ldr	r0, .L47+12
 793              	.LVL44:
 345:Src/stm32f1xx_hal_msp.c **** 
 794              		.loc 1 345 5 is_stmt 0 view .LVU212
 795 0040 FFF7FEFF 		bl	HAL_GPIO_DeInit
 796              	.LVL45:
 797 0044 E7E7     		b	.L39
 798              	.LVL46:
 799              	.L46:
 357:Src/stm32f1xx_hal_msp.c **** 
 800              		.loc 1 357 5 is_stmt 1 view .LVU213
 801 0046 02F5E432 		add	r2, r2, #116736
 802 004a D369     		ldr	r3, [r2, #28]
 803 004c 23F48023 		bic	r3, r3, #262144
 804 0050 D361     		str	r3, [r2, #28]
 363:Src/stm32f1xx_hal_msp.c **** 
 805              		.loc 1 363 5 view .LVU214
 806 0052 4FF44061 		mov	r1, #3072
 807 0056 0648     		ldr	r0, .L47+16
 808              	.LVL47:
 363:Src/stm32f1xx_hal_msp.c **** 
 809              		.loc 1 363 5 is_stmt 0 view .LVU215
 810 0058 FFF7FEFF 		bl	HAL_GPIO_DeInit
 811              	.LVL48:
 812              		.loc 1 370 1 view .LVU216
 813 005c DBE7     		b	.L39
ARM GAS  C:\Users\zygim\AppData\Local\Temp\ccgn0Ejc.s 			page 24


 814              	.L48:
 815 005e 00BF     		.align	2
 816              	.L47:
 817 0060 00380140 		.word	1073821696
 818 0064 00440040 		.word	1073759232
 819 0068 00480040 		.word	1073760256
 820 006c 00080140 		.word	1073809408
 821 0070 000C0140 		.word	1073810432
 822              		.cfi_endproc
 823              	.LFE71:
 825              		.text
 826              	.Letext0:
 827              		.file 2 "c:\\dev\\tools\\gcc-arm-none-eabi-10-2020-q4-major\\arm-none-eabi\\include\\machine\\_def
 828              		.file 3 "c:\\dev\\tools\\gcc-arm-none-eabi-10-2020-q4-major\\arm-none-eabi\\include\\sys\\_stdint.
 829              		.file 4 "Drivers/CMSIS/Device/ST/STM32F1xx/Include/stm32f103xb.h"
 830              		.file 5 "Drivers/CMSIS/Device/ST/STM32F1xx/Include/stm32f1xx.h"
 831              		.file 6 "Drivers/STM32F1xx_HAL_Driver/Inc/stm32f1xx_hal_def.h"
 832              		.file 7 "Drivers/STM32F1xx_HAL_Driver/Inc/stm32f1xx_hal_gpio.h"
 833              		.file 8 "Drivers/STM32F1xx_HAL_Driver/Inc/stm32f1xx_hal_dma.h"
 834              		.file 9 "Drivers/STM32F1xx_HAL_Driver/Inc/stm32f1xx_hal_adc.h"
 835              		.file 10 "Drivers/STM32F1xx_HAL_Driver/Inc/stm32f1xx_hal_spi.h"
 836              		.file 11 "Drivers/STM32F1xx_HAL_Driver/Inc/stm32f1xx_hal_uart.h"
ARM GAS  C:\Users\zygim\AppData\Local\Temp\ccgn0Ejc.s 			page 25


DEFINED SYMBOLS
                            *ABS*:00000000 stm32f1xx_hal_msp.c
C:\Users\zygim\AppData\Local\Temp\ccgn0Ejc.s:16     .text.HAL_MspInit:00000000 $t
C:\Users\zygim\AppData\Local\Temp\ccgn0Ejc.s:24     .text.HAL_MspInit:00000000 HAL_MspInit
C:\Users\zygim\AppData\Local\Temp\ccgn0Ejc.s:91     .text.HAL_MspInit:0000003c $d
C:\Users\zygim\AppData\Local\Temp\ccgn0Ejc.s:97     .text.HAL_ADC_MspInit:00000000 $t
C:\Users\zygim\AppData\Local\Temp\ccgn0Ejc.s:104    .text.HAL_ADC_MspInit:00000000 HAL_ADC_MspInit
C:\Users\zygim\AppData\Local\Temp\ccgn0Ejc.s:197    .text.HAL_ADC_MspInit:00000058 $d
C:\Users\zygim\AppData\Local\Temp\ccgn0Ejc.s:203    .text.HAL_ADC_MspDeInit:00000000 $t
C:\Users\zygim\AppData\Local\Temp\ccgn0Ejc.s:210    .text.HAL_ADC_MspDeInit:00000000 HAL_ADC_MspDeInit
C:\Users\zygim\AppData\Local\Temp\ccgn0Ejc.s:253    .text.HAL_ADC_MspDeInit:00000020 $d
C:\Users\zygim\AppData\Local\Temp\ccgn0Ejc.s:260    .text.HAL_SPI_MspInit:00000000 $t
C:\Users\zygim\AppData\Local\Temp\ccgn0Ejc.s:267    .text.HAL_SPI_MspInit:00000000 HAL_SPI_MspInit
C:\Users\zygim\AppData\Local\Temp\ccgn0Ejc.s:382    .text.HAL_SPI_MspInit:0000006c $d
C:\Users\zygim\AppData\Local\Temp\ccgn0Ejc.s:388    .text.HAL_SPI_MspDeInit:00000000 $t
C:\Users\zygim\AppData\Local\Temp\ccgn0Ejc.s:395    .text.HAL_SPI_MspDeInit:00000000 HAL_SPI_MspDeInit
C:\Users\zygim\AppData\Local\Temp\ccgn0Ejc.s:438    .text.HAL_SPI_MspDeInit:00000020 $d
C:\Users\zygim\AppData\Local\Temp\ccgn0Ejc.s:445    .text.HAL_UART_MspInit:00000000 $t
C:\Users\zygim\AppData\Local\Temp\ccgn0Ejc.s:452    .text.HAL_UART_MspInit:00000000 HAL_UART_MspInit
C:\Users\zygim\AppData\Local\Temp\ccgn0Ejc.s:717    .text.HAL_UART_MspInit:00000120 $d
C:\Users\zygim\AppData\Local\Temp\ccgn0Ejc.s:727    .text.HAL_UART_MspDeInit:00000000 $t
C:\Users\zygim\AppData\Local\Temp\ccgn0Ejc.s:734    .text.HAL_UART_MspDeInit:00000000 HAL_UART_MspDeInit
C:\Users\zygim\AppData\Local\Temp\ccgn0Ejc.s:817    .text.HAL_UART_MspDeInit:00000060 $d

UNDEFINED SYMBOLS
HAL_GPIO_Init
HAL_GPIO_DeInit
